2018-11-16 15:30:07 DEBUG GuiceModuleAggregator$Builder:69 - Modules [[[io.magentys.cinnamon.guice.WebDriverModule]]]
2018-11-16 15:30:07 DEBUG GuiceModuleAggregator$Builder:70 - Overrides modules []
2018-11-16 15:35:55 DEBUG GuiceModuleAggregator$Builder:69 - Modules [[[io.magentys.cinnamon.guice.WebDriverModule]]]
2018-11-16 15:35:55 DEBUG GuiceModuleAggregator$Builder:70 - Overrides modules []
2018-11-16 15:49:08 DEBUG GuiceModuleAggregator$Builder:69 - Modules [[[io.magentys.cinnamon.guice.WebDriverModule]]]
2018-11-16 15:49:08 DEBUG GuiceModuleAggregator$Builder:70 - Overrides modules []
2018-11-16 15:49:42 ERROR EventHandlingWebDriverContainer:85 - Tried to run command without establishing a connection
Build info: version: '3.4.0', revision: 'unknown', time: 'unknown'
System info: host: 'LON-10-L-315', ip: '10.0.3.1', os.name: 'Windows 10', os.arch: 'amd64', os.version: '10.0', java.version: '1.8.0_191'
Driver info: org.openqa.selenium.firefox.FirefoxDriver
Capabilities [{moz:profile=C:\Users\Nayan Dabasia\AppData\Local\Temp\rust_mozprofile.gRHCMmfUEgc7, rotatable=false, moz:geckodriverVersion=0.23.0, timeouts={implicit=0.0, pageLoad=300000.0, script=30000.0}, pageLoadStrategy=normal, moz:headless=false, platform=ANY, moz:accessibilityChecks=false, moz:useNonSpecCompliantPointerOrigin=false, acceptInsecureCerts=false, browserVersion=60.3.0, platformVersion=10.0, moz:processID=1164.0, browserName=firefox, javascriptEnabled=true, platformName=windows_nt, moz:webdriverClick=true}]
Session ID: 1ff336f1-9aab-433a-87fa-f25105df12aa
org.openqa.selenium.NoSuchSessionException: Tried to run command without establishing a connection
Build info: version: '3.4.0', revision: 'unknown', time: 'unknown'
System info: host: 'LON-10-L-315', ip: '10.0.3.1', os.name: 'Windows 10', os.arch: 'amd64', os.version: '10.0', java.version: '1.8.0_191'
Driver info: org.openqa.selenium.firefox.FirefoxDriver
Capabilities [{moz:profile=C:\Users\Nayan Dabasia\AppData\Local\Temp\rust_mozprofile.gRHCMmfUEgc7, rotatable=false, moz:geckodriverVersion=0.23.0, timeouts={implicit=0.0, pageLoad=300000.0, script=30000.0}, pageLoadStrategy=normal, moz:headless=false, platform=ANY, moz:accessibilityChecks=false, moz:useNonSpecCompliantPointerOrigin=false, acceptInsecureCerts=false, browserVersion=60.3.0, platformVersion=10.0, moz:processID=1164.0, browserName=firefox, javascriptEnabled=true, platformName=windows_nt, moz:webdriverClick=true}]
Session ID: 1ff336f1-9aab-433a-87fa-f25105df12aa
	at sun.reflect.GeneratedConstructorAccessor16.newInstance(Unknown Source)
	at sun.reflect.DelegatingConstructorAccessorImpl.newInstance(DelegatingConstructorAccessorImpl.java:45)
	at java.lang.reflect.Constructor.newInstance(Constructor.java:423)
	at org.openqa.selenium.remote.http.W3CHttpResponseCodec.createException(W3CHttpResponseCodec.java:150)
	at org.openqa.selenium.remote.http.W3CHttpResponseCodec.decode(W3CHttpResponseCodec.java:115)
	at org.openqa.selenium.remote.http.W3CHttpResponseCodec.decode(W3CHttpResponseCodec.java:45)
	at org.openqa.selenium.remote.HttpCommandExecutor.execute(HttpCommandExecutor.java:164)
	at org.openqa.selenium.remote.service.DriverCommandExecutor.execute(DriverCommandExecutor.java:82)
	at org.openqa.selenium.remote.RemoteWebDriver.execute(RemoteWebDriver.java:637)
	at org.openqa.selenium.remote.RemoteWebDriver.execute(RemoteWebDriver.java:694)
	at org.openqa.selenium.remote.RemoteWebDriver.quit(RemoteWebDriver.java:533)
	at io.magentys.cinnamon.webdriver.EventHandlingWebDriverContainer.quitWebDriver(EventHandlingWebDriverContainer.java:82)
	at io.magentys.cinnamon.webdriver.events.handlers.QuitBrowserSession.handleEvent(QuitBrowserSession.java:19)
	at sun.reflect.NativeMethodAccessorImpl.invoke0(Native Method)
	at sun.reflect.NativeMethodAccessorImpl.invoke(NativeMethodAccessorImpl.java:62)
	at sun.reflect.DelegatingMethodAccessorImpl.invoke(DelegatingMethodAccessorImpl.java:43)
	at java.lang.reflect.Method.invoke(Method.java:498)
	at com.google.common.eventbus.Subscriber.invokeSubscriberMethod(Subscriber.java:91)
	at com.google.common.eventbus.Subscriber$SynchronizedSubscriber.invokeSubscriberMethod(Subscriber.java:150)
	at com.google.common.eventbus.Subscriber$1.run(Subscriber.java:76)
	at com.google.common.util.concurrent.MoreExecutors$DirectExecutor.execute(MoreExecutors.java:399)
	at com.google.common.eventbus.Subscriber.dispatchEvent(Subscriber.java:71)
	at com.google.common.eventbus.Dispatcher$PerThreadQueuedDispatcher.dispatch(Dispatcher.java:116)
	at com.google.common.eventbus.EventBus.post(EventBus.java:217)
	at io.magentys.cinnamon.cucumber.CucumberAspect.afterDisposeBackendWorlds(CucumberAspect.java:136)
	at cucumber.runtime.Runtime.disposeBackendWorlds(Runtime.java:153)
	at cucumber.runtime.model.CucumberScenario.run(CucumberScenario.java:48)
	at cucumber.runtime.junit.ExecutionUnitRunner.run(ExecutionUnitRunner.java:91)
	at cucumber.runtime.junit.FeatureRunner.runChild(FeatureRunner.java:63)
	at cucumber.runtime.junit.FeatureRunner.runChild(FeatureRunner.java:18)
	at org.junit.runners.ParentRunner$3.run(ParentRunner.java:290)
	at org.junit.runners.ParentRunner$1.schedule(ParentRunner.java:71)
	at org.junit.runners.ParentRunner.runChildren(ParentRunner.java:288)
	at org.junit.runners.ParentRunner.access$000(ParentRunner.java:58)
	at org.junit.runners.ParentRunner$2.evaluate(ParentRunner.java:268)
	at org.junit.runners.ParentRunner.run(ParentRunner.java:363)
	at cucumber.runtime.junit.FeatureRunner.run(FeatureRunner.java:70)
	at cucumber.api.junit.Cucumber.runChild(Cucumber.java:93)
	at cucumber.api.junit.Cucumber.runChild(Cucumber.java:37)
	at org.junit.runners.ParentRunner$3.run(ParentRunner.java:290)
	at org.junit.runners.ParentRunner$1.schedule(ParentRunner.java:71)
	at org.junit.runners.ParentRunner.runChildren(ParentRunner.java:288)
	at org.junit.runners.ParentRunner.access$000(ParentRunner.java:58)
	at org.junit.runners.ParentRunner$2.evaluate(ParentRunner.java:268)
	at org.junit.runners.ParentRunner.run(ParentRunner.java:363)
	at cucumber.api.junit.Cucumber.run(Cucumber.java:98)
	at org.apache.maven.surefire.junit4.JUnit4Provider.execute(JUnit4Provider.java:264)
	at org.apache.maven.surefire.junit4.JUnit4Provider.executeTestSet(JUnit4Provider.java:153)
	at org.apache.maven.surefire.junit4.JUnit4Provider.invoke(JUnit4Provider.java:124)
	at org.apache.maven.surefire.booter.ForkedBooter.invokeProviderInSameClassLoader(ForkedBooter.java:200)
	at org.apache.maven.surefire.booter.ForkedBooter.runSuitesInProcess(ForkedBooter.java:153)
	at org.apache.maven.surefire.booter.ForkedBooter.main(ForkedBooter.java:103)
2018-11-16 15:54:04 DEBUG GuiceModuleAggregator$Builder:69 - Modules [[[io.magentys.cinnamon.guice.WebDriverModule]]]
2018-11-16 15:54:04 DEBUG GuiceModuleAggregator$Builder:70 - Overrides modules []
2018-11-16 15:54:42 DEBUG GuiceModuleAggregator$Builder:69 - Modules [[[io.magentys.cinnamon.guice.WebDriverModule]]]
2018-11-16 15:54:42 DEBUG GuiceModuleAggregator$Builder:70 - Overrides modules []
2018-11-22 10:14:38 DEBUG GuiceModuleAggregator$Builder:69 - Modules [[[io.magentys.cinnamon.guice.WebDriverModule]]]
2018-11-22 10:14:38 DEBUG GuiceModuleAggregator$Builder:70 - Overrides modules []
2018-11-22 12:39:11 DEBUG GuiceModuleAggregator$Builder:69 - Modules [[[io.magentys.cinnamon.guice.WebDriverModule]]]
2018-11-22 12:39:11 DEBUG GuiceModuleAggregator$Builder:70 - Overrides modules []
2018-11-22 12:39:18 DEBUG EventHandlingWebDriverContainer:66 - Updating window count to 1
2018-11-22 12:39:18 DEBUG EventHandlingWebDriverContainer:66 - Updating window count to 1
2018-11-22 12:49:36 DEBUG GuiceModuleAggregator$Builder:69 - Modules [[[io.magentys.cinnamon.guice.WebDriverModule]]]
2018-11-22 12:49:36 DEBUG GuiceModuleAggregator$Builder:70 - Overrides modules []
2018-11-22 12:49:42 DEBUG EventHandlingWebDriverContainer:66 - Updating window count to 1
2018-11-22 12:49:42 DEBUG EventHandlingWebDriverContainer:66 - Updating window count to 1
2018-11-22 12:51:27 DEBUG GuiceModuleAggregator$Builder:69 - Modules [[[io.magentys.cinnamon.guice.WebDriverModule]]]
2018-11-22 12:51:27 DEBUG GuiceModuleAggregator$Builder:70 - Overrides modules []
2018-11-22 12:51:34 DEBUG EventHandlingWebDriverContainer:66 - Updating window count to 1
2018-11-22 12:51:34 DEBUG EventHandlingWebDriverContainer:66 - Updating window count to 1
2018-11-22 14:38:58 DEBUG GuiceModuleAggregator$Builder:69 - Modules [[[io.magentys.cinnamon.guice.WebDriverModule]]]
2018-11-22 14:38:58 DEBUG GuiceModuleAggregator$Builder:70 - Overrides modules []
2018-11-22 14:39:06 DEBUG EventHandlingWebDriverContainer:66 - Updating window count to 1
2018-11-22 14:39:06 DEBUG EventHandlingWebDriverContainer:66 - Updating window count to 1
2018-11-22 15:35:19 DEBUG GuiceModuleAggregator$Builder:69 - Modules [[[io.magentys.cinnamon.guice.WebDriverModule]]]
2018-11-22 15:35:19 DEBUG GuiceModuleAggregator$Builder:70 - Overrides modules []
2018-11-22 15:35:26 DEBUG EventHandlingWebDriverContainer:66 - Updating window count to 1
2018-11-22 15:35:26 DEBUG EventHandlingWebDriverContainer:66 - Updating window count to 1
2018-11-22 15:37:09 DEBUG GuiceModuleAggregator$Builder:69 - Modules [[[io.magentys.cinnamon.guice.WebDriverModule]]]
2018-11-22 15:37:09 DEBUG GuiceModuleAggregator$Builder:70 - Overrides modules []
2018-11-22 15:37:16 DEBUG EventHandlingWebDriverContainer:66 - Updating window count to 1
2018-11-22 15:37:16 DEBUG EventHandlingWebDriverContainer:66 - Updating window count to 1
2018-11-22 15:43:36 DEBUG GuiceModuleAggregator$Builder:69 - Modules [[[io.magentys.cinnamon.guice.WebDriverModule]]]
2018-11-22 15:43:36 DEBUG GuiceModuleAggregator$Builder:70 - Overrides modules []
2018-11-22 15:43:43 DEBUG EventHandlingWebDriverContainer:66 - Updating window count to 1
2018-11-22 15:43:43 DEBUG EventHandlingWebDriverContainer:66 - Updating window count to 1
2018-11-22 15:47:29 DEBUG GuiceModuleAggregator$Builder:69 - Modules [[[io.magentys.cinnamon.guice.WebDriverModule]]]
2018-11-22 15:47:29 DEBUG GuiceModuleAggregator$Builder:70 - Overrides modules []
2018-11-22 15:47:36 DEBUG EventHandlingWebDriverContainer:66 - Updating window count to 1
2018-11-22 15:47:36 DEBUG EventHandlingWebDriverContainer:66 - Updating window count to 1
2018-11-22 15:50:03 DEBUG GuiceModuleAggregator$Builder:69 - Modules [[[io.magentys.cinnamon.guice.WebDriverModule]]]
2018-11-22 15:50:03 DEBUG GuiceModuleAggregator$Builder:70 - Overrides modules []
2018-11-22 15:50:11 DEBUG EventHandlingWebDriverContainer:66 - Updating window count to 1
2018-11-22 15:50:11 DEBUG EventHandlingWebDriverContainer:66 - Updating window count to 1
2018-11-22 15:52:21 DEBUG GuiceModuleAggregator$Builder:69 - Modules [[[io.magentys.cinnamon.guice.WebDriverModule]]]
2018-11-22 15:52:21 DEBUG GuiceModuleAggregator$Builder:70 - Overrides modules []
2018-11-22 15:52:28 DEBUG EventHandlingWebDriverContainer:66 - Updating window count to 1
2018-11-22 15:52:28 DEBUG EventHandlingWebDriverContainer:66 - Updating window count to 1
2018-11-22 15:56:11 DEBUG GuiceModuleAggregator$Builder:69 - Modules [[[io.magentys.cinnamon.guice.WebDriverModule]]]
2018-11-22 15:56:11 DEBUG GuiceModuleAggregator$Builder:70 - Overrides modules []
2018-11-22 15:56:18 DEBUG EventHandlingWebDriverContainer:66 - Updating window count to 1
2018-11-22 15:56:18 DEBUG EventHandlingWebDriverContainer:66 - Updating window count to 1
2018-11-22 15:59:15 DEBUG GuiceModuleAggregator$Builder:69 - Modules [[[io.magentys.cinnamon.guice.WebDriverModule]]]
2018-11-22 15:59:15 DEBUG GuiceModuleAggregator$Builder:70 - Overrides modules []
2018-11-22 15:59:22 DEBUG EventHandlingWebDriverContainer:66 - Updating window count to 1
2018-11-22 15:59:22 DEBUG EventHandlingWebDriverContainer:66 - Updating window count to 1
2018-11-22 15:59:37 DEBUG EventHandlingWebDriverContainer:66 - Updating window count to 1
2018-11-22 15:59:37 DEBUG EventHandlingWebDriverContainer:66 - Updating window count to 1
2018-11-22 16:01:28 DEBUG GuiceModuleAggregator$Builder:69 - Modules [[[io.magentys.cinnamon.guice.WebDriverModule]]]
2018-11-22 16:01:28 DEBUG GuiceModuleAggregator$Builder:70 - Overrides modules []
2018-11-22 16:01:35 DEBUG EventHandlingWebDriverContainer:66 - Updating window count to 1
2018-11-22 16:01:35 DEBUG EventHandlingWebDriverContainer:66 - Updating window count to 1
2018-11-22 16:01:55 DEBUG EventHandlingWebDriverContainer:66 - Updating window count to 1
2018-11-22 16:01:55 DEBUG EventHandlingWebDriverContainer:66 - Updating window count to 1
2018-11-22 16:03:04 DEBUG GuiceModuleAggregator$Builder:69 - Modules [[[io.magentys.cinnamon.guice.WebDriverModule]]]
2018-11-22 16:03:04 DEBUG GuiceModuleAggregator$Builder:70 - Overrides modules []
2018-11-22 16:03:11 DEBUG EventHandlingWebDriverContainer:66 - Updating window count to 1
2018-11-22 16:03:11 DEBUG EventHandlingWebDriverContainer:66 - Updating window count to 1
2018-11-22 16:03:19 DEBUG EventHandlingWebDriverContainer:66 - Updating window count to 1
2018-11-22 16:03:19 DEBUG EventHandlingWebDriverContainer:66 - Updating window count to 1
2018-11-22 16:07:14 DEBUG GuiceModuleAggregator$Builder:69 - Modules [[[io.magentys.cinnamon.guice.WebDriverModule]]]
2018-11-22 16:07:14 DEBUG GuiceModuleAggregator$Builder:70 - Overrides modules []
2018-11-22 16:07:21 DEBUG EventHandlingWebDriverContainer:66 - Updating window count to 1
2018-11-22 16:07:21 DEBUG EventHandlingWebDriverContainer:66 - Updating window count to 1
2018-11-22 16:07:40 DEBUG EventHandlingWebDriverContainer:66 - Updating window count to 1
2018-11-22 16:07:40 DEBUG EventHandlingWebDriverContainer:66 - Updating window count to 1
2018-11-22 16:12:02 DEBUG GuiceModuleAggregator$Builder:69 - Modules [[[io.magentys.cinnamon.guice.WebDriverModule]]]
2018-11-22 16:12:02 DEBUG GuiceModuleAggregator$Builder:70 - Overrides modules []
2018-11-22 16:12:09 DEBUG EventHandlingWebDriverContainer:66 - Updating window count to 1
2018-11-22 16:12:09 DEBUG EventHandlingWebDriverContainer:66 - Updating window count to 1
2018-11-22 16:12:23 DEBUG EventHandlingWebDriverContainer:66 - Updating window count to 1
2018-11-22 16:12:23 DEBUG EventHandlingWebDriverContainer:66 - Updating window count to 1
2018-11-22 16:13:26 DEBUG GuiceModuleAggregator$Builder:69 - Modules [[[io.magentys.cinnamon.guice.WebDriverModule]]]
2018-11-22 16:13:26 DEBUG GuiceModuleAggregator$Builder:70 - Overrides modules []
2018-11-22 16:13:33 DEBUG EventHandlingWebDriverContainer:66 - Updating window count to 1
2018-11-22 16:13:33 DEBUG EventHandlingWebDriverContainer:66 - Updating window count to 1
2018-11-22 16:13:52 DEBUG EventHandlingWebDriverContainer:66 - Updating window count to 1
2018-11-22 16:13:52 DEBUG EventHandlingWebDriverContainer:66 - Updating window count to 1
2018-11-22 16:14:33 DEBUG GuiceModuleAggregator$Builder:69 - Modules [[[io.magentys.cinnamon.guice.WebDriverModule]]]
2018-11-22 16:14:33 DEBUG GuiceModuleAggregator$Builder:70 - Overrides modules []
2018-11-22 16:14:40 DEBUG EventHandlingWebDriverContainer:66 - Updating window count to 1
2018-11-22 16:14:40 DEBUG EventHandlingWebDriverContainer:66 - Updating window count to 1
2018-11-22 16:14:50 DEBUG EventHandlingWebDriverContainer:66 - Updating window count to 1
2018-11-22 16:14:50 DEBUG EventHandlingWebDriverContainer:66 - Updating window count to 1
2018-11-22 16:16:11 DEBUG GuiceModuleAggregator$Builder:69 - Modules [[[io.magentys.cinnamon.guice.WebDriverModule]]]
2018-11-22 16:16:11 DEBUG GuiceModuleAggregator$Builder:70 - Overrides modules []
2018-11-22 16:16:18 DEBUG EventHandlingWebDriverContainer:66 - Updating window count to 1
2018-11-22 16:16:18 DEBUG EventHandlingWebDriverContainer:66 - Updating window count to 1
2018-11-22 16:16:26 DEBUG EventHandlingWebDriverContainer:66 - Updating window count to 1
2018-11-22 16:16:26 DEBUG EventHandlingWebDriverContainer:66 - Updating window count to 1
2018-11-22 16:26:08 DEBUG GuiceModuleAggregator$Builder:69 - Modules [[[io.magentys.cinnamon.guice.WebDriverModule]]]
2018-11-22 16:26:08 DEBUG GuiceModuleAggregator$Builder:70 - Overrides modules []
2018-11-22 16:26:15 DEBUG EventHandlingWebDriverContainer:66 - Updating window count to 1
2018-11-22 16:26:15 DEBUG EventHandlingWebDriverContainer:66 - Updating window count to 1
2018-11-22 16:26:34 DEBUG EventHandlingWebDriverContainer:66 - Updating window count to 1
2018-11-22 16:26:34 DEBUG EventHandlingWebDriverContainer:66 - Updating window count to 1
2018-11-22 16:26:39 ERROR AttachScreenshot:28 - no such window: target window already closed
from unknown error: web view not found
  (Session info: chrome=70.0.3538.102)
  (Driver info: chromedriver=71.0.3578.33 (269aa0e3f0db08097f0fe231c7e6be200b6939f7),platform=Windows NT 10.0.16299 x86_64) (WARNING: The server did not provide any stacktrace information)
Command duration or timeout: 17 milliseconds
Build info: version: '3.4.0', revision: 'unknown', time: 'unknown'
System info: host: 'LON-10-L-315', ip: '10.0.3.1', os.name: 'Windows 10', os.arch: 'amd64', os.version: '10.0', java.version: '1.8.0_191'
Driver info: org.openqa.selenium.chrome.ChromeDriver
Capabilities [{mobileEmulationEnabled=false, hasTouchScreen=false, platform=XP, acceptSslCerts=false, goog:chromeOptions={debuggerAddress=localhost:56985}, acceptInsecureCerts=false, webStorageEnabled=true, browserName=chrome, takesScreenshot=true, javascriptEnabled=true, setWindowRect=true, unexpectedAlertBehaviour=, applicationCacheEnabled=false, rotatable=false, networkConnectionEnabled=false, chrome={chromedriverVersion=71.0.3578.33 (269aa0e3f0db08097f0fe231c7e6be200b6939f7), userDataDir=C:\Users\NAYAND~1\AppData\Local\Temp\scoped_dir6000_7675}, takesHeapSnapshot=true, pageLoadStrategy=normal, databaseEnabled=false, handlesAlerts=true, version=70.0.3538.102, browserConnectionEnabled=false, nativeEvents=true, locationContextEnabled=true, cssSelectorsEnabled=true}]
Session ID: 43c2819abfb4ba73fd2e8114c921add1
org.openqa.selenium.NoSuchWindowException: no such window: target window already closed
from unknown error: web view not found
  (Session info: chrome=70.0.3538.102)
  (Driver info: chromedriver=71.0.3578.33 (269aa0e3f0db08097f0fe231c7e6be200b6939f7),platform=Windows NT 10.0.16299 x86_64) (WARNING: The server did not provide any stacktrace information)
Command duration or timeout: 17 milliseconds
Build info: version: '3.4.0', revision: 'unknown', time: 'unknown'
System info: host: 'LON-10-L-315', ip: '10.0.3.1', os.name: 'Windows 10', os.arch: 'amd64', os.version: '10.0', java.version: '1.8.0_191'
Driver info: org.openqa.selenium.chrome.ChromeDriver
Capabilities [{mobileEmulationEnabled=false, hasTouchScreen=false, platform=XP, acceptSslCerts=false, goog:chromeOptions={debuggerAddress=localhost:56985}, acceptInsecureCerts=false, webStorageEnabled=true, browserName=chrome, takesScreenshot=true, javascriptEnabled=true, setWindowRect=true, unexpectedAlertBehaviour=, applicationCacheEnabled=false, rotatable=false, networkConnectionEnabled=false, chrome={chromedriverVersion=71.0.3578.33 (269aa0e3f0db08097f0fe231c7e6be200b6939f7), userDataDir=C:\Users\NAYAND~1\AppData\Local\Temp\scoped_dir6000_7675}, takesHeapSnapshot=true, pageLoadStrategy=normal, databaseEnabled=false, handlesAlerts=true, version=70.0.3538.102, browserConnectionEnabled=false, nativeEvents=true, locationContextEnabled=true, cssSelectorsEnabled=true}]
Session ID: 43c2819abfb4ba73fd2e8114c921add1
	at sun.reflect.NativeConstructorAccessorImpl.newInstance0(Native Method)
	at sun.reflect.NativeConstructorAccessorImpl.newInstance(NativeConstructorAccessorImpl.java:62)
	at sun.reflect.DelegatingConstructorAccessorImpl.newInstance(DelegatingConstructorAccessorImpl.java:45)
	at java.lang.reflect.Constructor.newInstance(Constructor.java:423)
	at org.openqa.selenium.remote.ErrorHandler.createThrowable(ErrorHandler.java:215)
	at org.openqa.selenium.remote.ErrorHandler.throwIfResponseFailed(ErrorHandler.java:167)
	at org.openqa.selenium.remote.RemoteWebDriver.execute(RemoteWebDriver.java:671)
	at org.openqa.selenium.remote.RemoteWebDriver.execute(RemoteWebDriver.java:694)
	at org.openqa.selenium.remote.RemoteWebDriver.getScreenshotAs(RemoteWebDriver.java:382)
	at io.magentys.cinnamon.webdriver.Screenshot.getScreenshotAs(Screenshot.java:39)
	at io.magentys.cinnamon.webdriver.Screenshot.<init>(Screenshot.java:23)
	at io.magentys.cinnamon.webdriver.Screenshot.<init>(Screenshot.java:17)
	at io.magentys.cinnamon.webdriver.EventHandlingWebDriverContainer.takeScreenshot(EventHandlingWebDriverContainer.java:61)
	at io.magentys.cinnamon.webdriver.events.handlers.AttachScreenshot.handleEvent(AttachScreenshot.java:24)
	at sun.reflect.NativeMethodAccessorImpl.invoke0(Native Method)
	at sun.reflect.NativeMethodAccessorImpl.invoke(NativeMethodAccessorImpl.java:62)
	at sun.reflect.DelegatingMethodAccessorImpl.invoke(DelegatingMethodAccessorImpl.java:43)
	at java.lang.reflect.Method.invoke(Method.java:498)
	at com.google.common.eventbus.Subscriber.invokeSubscriberMethod(Subscriber.java:91)
	at com.google.common.eventbus.Subscriber$SynchronizedSubscriber.invokeSubscriberMethod(Subscriber.java:150)
	at com.google.common.eventbus.Subscriber$1.run(Subscriber.java:76)
	at com.google.common.util.concurrent.MoreExecutors$DirectExecutor.execute(MoreExecutors.java:399)
	at com.google.common.eventbus.Subscriber.dispatchEvent(Subscriber.java:71)
	at com.google.common.eventbus.Dispatcher$PerThreadQueuedDispatcher.dispatch(Dispatcher.java:116)
	at com.google.common.eventbus.EventBus.post(EventBus.java:217)
	at io.magentys.cinnamon.cucumber.CucumberAspect.afterAddStepToCounterAndResult(CucumberAspect.java:126)
	at cucumber.runtime.Runtime.addStepToCounterAndResult(Runtime.java:324)
	at cucumber.runtime.Runtime.runStep(Runtime.java:308)
	at cucumber.runtime.model.StepContainer.runStep(StepContainer.java:44)
	at cucumber.runtime.model.StepContainer.runSteps(StepContainer.java:39)
	at cucumber.runtime.model.CucumberScenario.run(CucumberScenario.java:44)
	at cucumber.runtime.junit.ExecutionUnitRunner.run(ExecutionUnitRunner.java:91)
	at cucumber.runtime.junit.FeatureRunner.runChild(FeatureRunner.java:63)
	at cucumber.runtime.junit.FeatureRunner.runChild(FeatureRunner.java:18)
	at org.junit.runners.ParentRunner$3.run(ParentRunner.java:290)
	at org.junit.runners.ParentRunner$1.schedule(ParentRunner.java:71)
	at org.junit.runners.ParentRunner.runChildren(ParentRunner.java:288)
	at org.junit.runners.ParentRunner.access$000(ParentRunner.java:58)
	at org.junit.runners.ParentRunner$2.evaluate(ParentRunner.java:268)
	at org.junit.runners.ParentRunner.run(ParentRunner.java:363)
	at cucumber.runtime.junit.FeatureRunner.run(FeatureRunner.java:70)
	at cucumber.api.junit.Cucumber.runChild(Cucumber.java:93)
	at cucumber.api.junit.Cucumber.runChild(Cucumber.java:37)
	at org.junit.runners.ParentRunner$3.run(ParentRunner.java:290)
	at org.junit.runners.ParentRunner$1.schedule(ParentRunner.java:71)
	at org.junit.runners.ParentRunner.runChildren(ParentRunner.java:288)
	at org.junit.runners.ParentRunner.access$000(ParentRunner.java:58)
	at org.junit.runners.ParentRunner$2.evaluate(ParentRunner.java:268)
	at org.junit.runners.ParentRunner.run(ParentRunner.java:363)
	at cucumber.api.junit.Cucumber.run(Cucumber.java:98)
	at org.apache.maven.surefire.junit4.JUnit4Provider.execute(JUnit4Provider.java:264)
	at org.apache.maven.surefire.junit4.JUnit4Provider.executeTestSet(JUnit4Provider.java:153)
	at org.apache.maven.surefire.junit4.JUnit4Provider.invoke(JUnit4Provider.java:124)
	at org.apache.maven.surefire.booter.ForkedBooter.invokeProviderInSameClassLoader(ForkedBooter.java:200)
	at org.apache.maven.surefire.booter.ForkedBooter.runSuitesInProcess(ForkedBooter.java:153)
	at org.apache.maven.surefire.booter.ForkedBooter.main(ForkedBooter.java:103)
2018-11-22 16:28:08 DEBUG GuiceModuleAggregator$Builder:69 - Modules [[[io.magentys.cinnamon.guice.WebDriverModule]]]
2018-11-22 16:28:08 DEBUG GuiceModuleAggregator$Builder:70 - Overrides modules []
2018-11-22 16:28:15 DEBUG EventHandlingWebDriverContainer:66 - Updating window count to 1
2018-11-22 16:28:15 DEBUG EventHandlingWebDriverContainer:66 - Updating window count to 1
2018-11-22 16:28:23 DEBUG EventHandlingWebDriverContainer:66 - Updating window count to 1
2018-11-22 16:28:23 DEBUG EventHandlingWebDriverContainer:66 - Updating window count to 1
2018-11-22 16:28:59 DEBUG GuiceModuleAggregator$Builder:69 - Modules [[[io.magentys.cinnamon.guice.WebDriverModule]]]
2018-11-22 16:28:59 DEBUG GuiceModuleAggregator$Builder:70 - Overrides modules []
2018-11-22 16:29:06 DEBUG EventHandlingWebDriverContainer:66 - Updating window count to 1
2018-11-22 16:29:06 DEBUG EventHandlingWebDriverContainer:66 - Updating window count to 1
2018-11-22 16:29:25 DEBUG EventHandlingWebDriverContainer:66 - Updating window count to 1
2018-11-22 16:29:25 DEBUG EventHandlingWebDriverContainer:66 - Updating window count to 1
2018-11-22 16:30:34 DEBUG GuiceModuleAggregator$Builder:69 - Modules [[[io.magentys.cinnamon.guice.WebDriverModule]]]
2018-11-22 16:30:34 DEBUG GuiceModuleAggregator$Builder:70 - Overrides modules []
2018-11-22 16:30:41 DEBUG EventHandlingWebDriverContainer:66 - Updating window count to 1
2018-11-22 16:30:41 DEBUG EventHandlingWebDriverContainer:66 - Updating window count to 1
2018-11-22 16:30:49 DEBUG EventHandlingWebDriverContainer:66 - Updating window count to 1
2018-11-22 16:30:49 DEBUG EventHandlingWebDriverContainer:66 - Updating window count to 1
2018-11-22 16:32:08 DEBUG GuiceModuleAggregator$Builder:69 - Modules [[[io.magentys.cinnamon.guice.WebDriverModule]]]
2018-11-22 16:32:08 DEBUG GuiceModuleAggregator$Builder:70 - Overrides modules []
2018-11-22 16:32:15 DEBUG EventHandlingWebDriverContainer:66 - Updating window count to 1
2018-11-22 16:32:15 DEBUG EventHandlingWebDriverContainer:66 - Updating window count to 1
2018-11-22 16:34:29 DEBUG GuiceModuleAggregator$Builder:69 - Modules [[[io.magentys.cinnamon.guice.WebDriverModule]]]
2018-11-22 16:34:29 DEBUG GuiceModuleAggregator$Builder:70 - Overrides modules []
2018-11-22 16:34:36 DEBUG EventHandlingWebDriverContainer:66 - Updating window count to 1
2018-11-22 16:34:36 DEBUG EventHandlingWebDriverContainer:66 - Updating window count to 1
2018-11-22 16:36:16 DEBUG GuiceModuleAggregator$Builder:69 - Modules [[[io.magentys.cinnamon.guice.WebDriverModule]]]
2018-11-22 16:36:16 DEBUG GuiceModuleAggregator$Builder:70 - Overrides modules []
2018-11-22 16:36:23 DEBUG EventHandlingWebDriverContainer:66 - Updating window count to 1
2018-11-22 16:36:23 DEBUG EventHandlingWebDriverContainer:66 - Updating window count to 1
2018-11-22 16:44:10 DEBUG GuiceModuleAggregator$Builder:69 - Modules [[[io.magentys.cinnamon.guice.WebDriverModule]]]
2018-11-22 16:44:10 DEBUG GuiceModuleAggregator$Builder:70 - Overrides modules []
2018-11-22 16:44:16 DEBUG EventHandlingWebDriverContainer:66 - Updating window count to 1
2018-11-22 16:44:16 DEBUG EventHandlingWebDriverContainer:66 - Updating window count to 1
2018-11-22 17:01:06 DEBUG GuiceModuleAggregator$Builder:69 - Modules [[[io.magentys.cinnamon.guice.WebDriverModule]]]
2018-11-22 17:01:06 DEBUG GuiceModuleAggregator$Builder:70 - Overrides modules []
2018-11-22 17:01:14 DEBUG EventHandlingWebDriverContainer:66 - Updating window count to 1
2018-11-22 17:01:14 DEBUG EventHandlingWebDriverContainer:66 - Updating window count to 1
2018-11-22 17:17:26 DEBUG GuiceModuleAggregator$Builder:69 - Modules [[[io.magentys.cinnamon.guice.WebDriverModule]]]
2018-11-22 17:17:26 DEBUG GuiceModuleAggregator$Builder:70 - Overrides modules []
2018-11-22 17:17:33 DEBUG EventHandlingWebDriverContainer:66 - Updating window count to 1
2018-11-22 17:17:33 DEBUG EventHandlingWebDriverContainer:66 - Updating window count to 1
2018-11-22 17:17:48 DEBUG EventHandlingWebDriverContainer:66 - Updating window count to 1
2018-11-22 17:17:48 DEBUG EventHandlingWebDriverContainer:66 - Updating window count to 1
2018-11-22 17:19:05 DEBUG GuiceModuleAggregator$Builder:69 - Modules [[[io.magentys.cinnamon.guice.WebDriverModule]]]
2018-11-22 17:19:05 DEBUG GuiceModuleAggregator$Builder:70 - Overrides modules []
2018-11-22 17:19:12 DEBUG EventHandlingWebDriverContainer:66 - Updating window count to 1
2018-11-22 17:19:12 DEBUG EventHandlingWebDriverContainer:66 - Updating window count to 1
2018-11-22 17:19:21 DEBUG EventHandlingWebDriverContainer:66 - Updating window count to 1
2018-11-22 17:19:21 DEBUG EventHandlingWebDriverContainer:66 - Updating window count to 1
2018-11-22 17:20:23 DEBUG GuiceModuleAggregator$Builder:69 - Modules [[[io.magentys.cinnamon.guice.WebDriverModule]]]
2018-11-22 17:20:23 DEBUG GuiceModuleAggregator$Builder:70 - Overrides modules []
2018-11-22 17:20:30 DEBUG EventHandlingWebDriverContainer:66 - Updating window count to 1
2018-11-22 17:20:30 DEBUG EventHandlingWebDriverContainer:66 - Updating window count to 1
2018-11-22 17:20:46 DEBUG EventHandlingWebDriverContainer:66 - Updating window count to 1
2018-11-22 17:20:46 DEBUG EventHandlingWebDriverContainer:66 - Updating window count to 1
2018-11-22 17:21:39 DEBUG GuiceModuleAggregator$Builder:69 - Modules [[[io.magentys.cinnamon.guice.WebDriverModule]]]
2018-11-22 17:21:39 DEBUG GuiceModuleAggregator$Builder:70 - Overrides modules []
2018-11-22 17:21:46 DEBUG EventHandlingWebDriverContainer:66 - Updating window count to 1
2018-11-22 17:21:46 DEBUG EventHandlingWebDriverContainer:66 - Updating window count to 1
2018-11-22 17:22:01 DEBUG EventHandlingWebDriverContainer:66 - Updating window count to 1
2018-11-22 17:22:01 DEBUG EventHandlingWebDriverContainer:66 - Updating window count to 1
2018-11-22 17:23:11 DEBUG GuiceModuleAggregator$Builder:69 - Modules [[[io.magentys.cinnamon.guice.WebDriverModule]]]
2018-11-22 17:23:11 DEBUG GuiceModuleAggregator$Builder:70 - Overrides modules []
2018-11-22 17:23:18 DEBUG EventHandlingWebDriverContainer:66 - Updating window count to 1
2018-11-22 17:23:18 DEBUG EventHandlingWebDriverContainer:66 - Updating window count to 1
2018-11-22 17:23:35 DEBUG EventHandlingWebDriverContainer:66 - Updating window count to 1
2018-11-22 17:23:35 DEBUG EventHandlingWebDriverContainer:66 - Updating window count to 1
2018-11-22 17:24:57 DEBUG GuiceModuleAggregator$Builder:69 - Modules [[[io.magentys.cinnamon.guice.WebDriverModule]]]
2018-11-22 17:24:57 DEBUG GuiceModuleAggregator$Builder:70 - Overrides modules []
2018-11-22 17:25:05 DEBUG EventHandlingWebDriverContainer:66 - Updating window count to 1
2018-11-22 17:25:05 DEBUG EventHandlingWebDriverContainer:66 - Updating window count to 1
2018-11-22 17:25:27 DEBUG EventHandlingWebDriverContainer:66 - Updating window count to 1
2018-11-22 17:25:27 DEBUG EventHandlingWebDriverContainer:66 - Updating window count to 1
2018-11-23 09:14:41 DEBUG GuiceModuleAggregator$Builder:69 - Modules [[[io.magentys.cinnamon.guice.WebDriverModule]]]
2018-11-23 09:14:41 DEBUG GuiceModuleAggregator$Builder:70 - Overrides modules []
2018-11-23 09:15:39 DEBUG GuiceModuleAggregator$Builder:69 - Modules [[[io.magentys.cinnamon.guice.WebDriverModule]]]
2018-11-23 09:15:39 DEBUG GuiceModuleAggregator$Builder:70 - Overrides modules []
2018-11-23 09:15:48 DEBUG EventHandlingWebDriverContainer:66 - Updating window count to 1
2018-11-23 09:15:48 DEBUG EventHandlingWebDriverContainer:66 - Updating window count to 1
2018-11-23 09:16:00 DEBUG EventHandlingWebDriverContainer:66 - Updating window count to 1
2018-11-23 09:16:00 DEBUG EventHandlingWebDriverContainer:66 - Updating window count to 1
2018-11-23 09:17:08 DEBUG GuiceModuleAggregator$Builder:69 - Modules [[[io.magentys.cinnamon.guice.WebDriverModule]]]
2018-11-23 09:17:08 DEBUG GuiceModuleAggregator$Builder:70 - Overrides modules []
2018-11-23 09:17:15 DEBUG EventHandlingWebDriverContainer:66 - Updating window count to 1
2018-11-23 09:17:15 DEBUG EventHandlingWebDriverContainer:66 - Updating window count to 1
2018-11-23 09:17:29 DEBUG EventHandlingWebDriverContainer:66 - Updating window count to 1
2018-11-23 09:17:29 DEBUG EventHandlingWebDriverContainer:66 - Updating window count to 1
2018-11-23 09:18:10 DEBUG GuiceModuleAggregator$Builder:69 - Modules [[[io.magentys.cinnamon.guice.WebDriverModule]]]
2018-11-23 09:18:10 DEBUG GuiceModuleAggregator$Builder:70 - Overrides modules []
2018-11-23 09:18:17 DEBUG EventHandlingWebDriverContainer:66 - Updating window count to 1
2018-11-23 09:18:17 DEBUG EventHandlingWebDriverContainer:66 - Updating window count to 1
2018-11-23 09:18:36 DEBUG EventHandlingWebDriverContainer:66 - Updating window count to 1
2018-11-23 09:18:36 DEBUG EventHandlingWebDriverContainer:66 - Updating window count to 1
2018-11-23 09:19:13 DEBUG GuiceModuleAggregator$Builder:69 - Modules [[[io.magentys.cinnamon.guice.WebDriverModule]]]
2018-11-23 09:19:13 DEBUG GuiceModuleAggregator$Builder:70 - Overrides modules []
2018-11-23 09:19:21 DEBUG EventHandlingWebDriverContainer:66 - Updating window count to 1
2018-11-23 09:19:21 DEBUG EventHandlingWebDriverContainer:66 - Updating window count to 1
2018-11-23 09:19:40 DEBUG EventHandlingWebDriverContainer:66 - Updating window count to 1
2018-11-23 09:19:40 DEBUG EventHandlingWebDriverContainer:66 - Updating window count to 1
2018-11-23 09:20:17 DEBUG GuiceModuleAggregator$Builder:69 - Modules [[[io.magentys.cinnamon.guice.WebDriverModule]]]
2018-11-23 09:20:17 DEBUG GuiceModuleAggregator$Builder:70 - Overrides modules []
2018-11-23 09:20:24 DEBUG EventHandlingWebDriverContainer:66 - Updating window count to 1
2018-11-23 09:20:24 DEBUG EventHandlingWebDriverContainer:66 - Updating window count to 1
2018-11-23 09:20:33 DEBUG EventHandlingWebDriverContainer:66 - Updating window count to 1
2018-11-23 09:20:33 DEBUG EventHandlingWebDriverContainer:66 - Updating window count to 1
2018-11-23 09:21:13 DEBUG GuiceModuleAggregator$Builder:69 - Modules [[[io.magentys.cinnamon.guice.WebDriverModule]]]
2018-11-23 09:21:13 DEBUG GuiceModuleAggregator$Builder:70 - Overrides modules []
2018-11-23 09:21:20 DEBUG EventHandlingWebDriverContainer:66 - Updating window count to 1
2018-11-23 09:21:20 DEBUG EventHandlingWebDriverContainer:66 - Updating window count to 1
2018-11-23 09:21:39 DEBUG EventHandlingWebDriverContainer:66 - Updating window count to 1
2018-11-23 09:21:39 DEBUG EventHandlingWebDriverContainer:66 - Updating window count to 1
2018-11-23 09:22:22 DEBUG GuiceModuleAggregator$Builder:69 - Modules [[[io.magentys.cinnamon.guice.WebDriverModule]]]
2018-11-23 09:22:22 DEBUG GuiceModuleAggregator$Builder:70 - Overrides modules []
2018-11-23 09:22:29 DEBUG EventHandlingWebDriverContainer:66 - Updating window count to 1
2018-11-23 09:22:29 DEBUG EventHandlingWebDriverContainer:66 - Updating window count to 1
2018-11-23 09:22:42 DEBUG EventHandlingWebDriverContainer:66 - Updating window count to 1
2018-11-23 09:22:42 DEBUG EventHandlingWebDriverContainer:66 - Updating window count to 1
2018-11-23 09:23:43 DEBUG GuiceModuleAggregator$Builder:69 - Modules [[[io.magentys.cinnamon.guice.WebDriverModule]]]
2018-11-23 09:23:43 DEBUG GuiceModuleAggregator$Builder:70 - Overrides modules []
2018-11-23 09:23:51 DEBUG EventHandlingWebDriverContainer:66 - Updating window count to 1
2018-11-23 09:23:51 DEBUG EventHandlingWebDriverContainer:66 - Updating window count to 1
2018-11-23 09:24:04 DEBUG EventHandlingWebDriverContainer:66 - Updating window count to 1
2018-11-23 09:24:04 DEBUG EventHandlingWebDriverContainer:66 - Updating window count to 1
2018-11-23 09:25:08 DEBUG GuiceModuleAggregator$Builder:69 - Modules [[[io.magentys.cinnamon.guice.WebDriverModule]]]
2018-11-23 09:25:08 DEBUG GuiceModuleAggregator$Builder:70 - Overrides modules []
2018-11-23 09:25:14 DEBUG EventHandlingWebDriverContainer:66 - Updating window count to 1
2018-11-23 09:25:14 DEBUG EventHandlingWebDriverContainer:66 - Updating window count to 1
2018-11-23 09:25:23 DEBUG EventHandlingWebDriverContainer:66 - Updating window count to 1
2018-11-23 09:25:23 DEBUG EventHandlingWebDriverContainer:66 - Updating window count to 1
2018-11-23 09:35:04 DEBUG GuiceModuleAggregator$Builder:69 - Modules [[[io.magentys.cinnamon.guice.WebDriverModule]]]
2018-11-23 09:35:04 DEBUG GuiceModuleAggregator$Builder:70 - Overrides modules []
2018-11-23 09:35:13 DEBUG EventHandlingWebDriverContainer:66 - Updating window count to 1
2018-11-23 09:35:13 DEBUG EventHandlingWebDriverContainer:66 - Updating window count to 1
2018-11-23 09:35:27 DEBUG EventHandlingWebDriverContainer:66 - Updating window count to 1
2018-11-23 09:35:27 DEBUG EventHandlingWebDriverContainer:66 - Updating window count to 1
2018-11-23 09:48:45 DEBUG GuiceModuleAggregator$Builder:69 - Modules [[[io.magentys.cinnamon.guice.WebDriverModule]]]
2018-11-23 09:48:45 DEBUG GuiceModuleAggregator$Builder:70 - Overrides modules []
2018-11-23 09:48:52 DEBUG EventHandlingWebDriverContainer:66 - Updating window count to 1
2018-11-23 09:48:52 DEBUG EventHandlingWebDriverContainer:66 - Updating window count to 1
2018-11-23 09:49:11 DEBUG EventHandlingWebDriverContainer:66 - Updating window count to 1
2018-11-23 09:49:11 DEBUG EventHandlingWebDriverContainer:66 - Updating window count to 1
2018-11-23 09:59:26 DEBUG GuiceModuleAggregator$Builder:69 - Modules [[[io.magentys.cinnamon.guice.WebDriverModule]]]
2018-11-23 09:59:26 DEBUG GuiceModuleAggregator$Builder:70 - Overrides modules []
2018-11-23 09:59:33 DEBUG EventHandlingWebDriverContainer:66 - Updating window count to 1
2018-11-23 09:59:33 DEBUG EventHandlingWebDriverContainer:66 - Updating window count to 1
2018-11-23 09:59:41 DEBUG EventHandlingWebDriverContainer:66 - Updating window count to 1
2018-11-23 09:59:41 DEBUG EventHandlingWebDriverContainer:66 - Updating window count to 1
2018-11-23 10:07:31 DEBUG GuiceModuleAggregator$Builder:69 - Modules [[[io.magentys.cinnamon.guice.WebDriverModule]]]
2018-11-23 10:07:31 DEBUG GuiceModuleAggregator$Builder:70 - Overrides modules []
2018-11-23 10:07:38 DEBUG EventHandlingWebDriverContainer:66 - Updating window count to 1
2018-11-23 10:07:38 DEBUG EventHandlingWebDriverContainer:66 - Updating window count to 1
2018-11-23 10:07:52 DEBUG EventHandlingWebDriverContainer:66 - Updating window count to 1
2018-11-23 10:07:52 DEBUG EventHandlingWebDriverContainer:66 - Updating window count to 1
2018-11-23 10:31:37 DEBUG GuiceModuleAggregator$Builder:69 - Modules [[[io.magentys.cinnamon.guice.WebDriverModule]]]
2018-11-23 10:31:37 DEBUG GuiceModuleAggregator$Builder:70 - Overrides modules []
2018-11-23 10:31:44 DEBUG EventHandlingWebDriverContainer:66 - Updating window count to 1
2018-11-23 10:31:44 DEBUG EventHandlingWebDriverContainer:66 - Updating window count to 1
2018-11-23 10:31:58 DEBUG EventHandlingWebDriverContainer:66 - Updating window count to 1
2018-11-23 10:31:58 DEBUG EventHandlingWebDriverContainer:66 - Updating window count to 1
2018-11-23 10:34:35 DEBUG GuiceModuleAggregator$Builder:69 - Modules [[[io.magentys.cinnamon.guice.WebDriverModule]]]
2018-11-23 10:34:35 DEBUG GuiceModuleAggregator$Builder:70 - Overrides modules []
2018-11-23 10:34:42 DEBUG EventHandlingWebDriverContainer:66 - Updating window count to 1
2018-11-23 10:34:42 DEBUG EventHandlingWebDriverContainer:66 - Updating window count to 1
2018-11-23 10:34:56 DEBUG EventHandlingWebDriverContainer:66 - Updating window count to 1
2018-11-23 10:34:56 DEBUG EventHandlingWebDriverContainer:66 - Updating window count to 1
2018-11-23 10:37:16 DEBUG GuiceModuleAggregator$Builder:69 - Modules [[[io.magentys.cinnamon.guice.WebDriverModule]]]
2018-11-23 10:37:16 DEBUG GuiceModuleAggregator$Builder:70 - Overrides modules []
2018-11-23 10:37:23 DEBUG EventHandlingWebDriverContainer:66 - Updating window count to 1
2018-11-23 10:37:23 DEBUG EventHandlingWebDriverContainer:66 - Updating window count to 1
2018-11-23 10:37:37 DEBUG EventHandlingWebDriverContainer:66 - Updating window count to 1
2018-11-23 10:37:37 DEBUG EventHandlingWebDriverContainer:66 - Updating window count to 1
2018-11-23 10:38:16 DEBUG GuiceModuleAggregator$Builder:69 - Modules [[[io.magentys.cinnamon.guice.WebDriverModule]]]
2018-11-23 10:38:16 DEBUG GuiceModuleAggregator$Builder:70 - Overrides modules []
2018-11-23 10:38:24 DEBUG EventHandlingWebDriverContainer:66 - Updating window count to 1
2018-11-23 10:38:24 DEBUG EventHandlingWebDriverContainer:66 - Updating window count to 1
2018-11-23 10:38:43 DEBUG EventHandlingWebDriverContainer:66 - Updating window count to 1
2018-11-23 10:38:43 DEBUG EventHandlingWebDriverContainer:66 - Updating window count to 1
2018-11-23 10:39:10 DEBUG GuiceModuleAggregator$Builder:69 - Modules [[[io.magentys.cinnamon.guice.WebDriverModule]]]
2018-11-23 10:39:10 DEBUG GuiceModuleAggregator$Builder:70 - Overrides modules []
2018-11-23 10:39:17 DEBUG EventHandlingWebDriverContainer:66 - Updating window count to 1
2018-11-23 10:39:17 DEBUG EventHandlingWebDriverContainer:66 - Updating window count to 1
2018-11-23 10:39:26 DEBUG EventHandlingWebDriverContainer:66 - Updating window count to 1
2018-11-23 10:39:26 DEBUG EventHandlingWebDriverContainer:66 - Updating window count to 1
2018-11-23 10:48:24 DEBUG GuiceModuleAggregator$Builder:69 - Modules [[[io.magentys.cinnamon.guice.WebDriverModule]]]
2018-11-23 10:48:24 DEBUG GuiceModuleAggregator$Builder:70 - Overrides modules []
2018-11-23 10:48:31 DEBUG EventHandlingWebDriverContainer:66 - Updating window count to 1
2018-11-23 10:48:31 DEBUG EventHandlingWebDriverContainer:66 - Updating window count to 1
2018-11-23 10:49:38 DEBUG GuiceModuleAggregator$Builder:69 - Modules [[[io.magentys.cinnamon.guice.WebDriverModule]]]
2018-11-23 10:49:38 DEBUG GuiceModuleAggregator$Builder:70 - Overrides modules []
2018-11-23 10:49:45 DEBUG EventHandlingWebDriverContainer:66 - Updating window count to 1
2018-11-23 10:49:45 DEBUG EventHandlingWebDriverContainer:66 - Updating window count to 1
2018-11-23 10:50:35 DEBUG GuiceModuleAggregator$Builder:69 - Modules [[[io.magentys.cinnamon.guice.WebDriverModule]]]
2018-11-23 10:50:35 DEBUG GuiceModuleAggregator$Builder:70 - Overrides modules []
2018-11-23 10:50:42 DEBUG EventHandlingWebDriverContainer:66 - Updating window count to 1
2018-11-23 10:50:42 DEBUG EventHandlingWebDriverContainer:66 - Updating window count to 1
2018-11-23 10:51:16 DEBUG GuiceModuleAggregator$Builder:69 - Modules [[[io.magentys.cinnamon.guice.WebDriverModule]]]
2018-11-23 10:51:16 DEBUG GuiceModuleAggregator$Builder:70 - Overrides modules []
2018-11-23 10:51:23 DEBUG EventHandlingWebDriverContainer:66 - Updating window count to 1
2018-11-23 10:51:23 DEBUG EventHandlingWebDriverContainer:66 - Updating window count to 1
2018-11-23 10:51:56 DEBUG GuiceModuleAggregator$Builder:69 - Modules [[[io.magentys.cinnamon.guice.WebDriverModule]]]
2018-11-23 10:51:56 DEBUG GuiceModuleAggregator$Builder:70 - Overrides modules []
2018-11-23 10:52:03 DEBUG EventHandlingWebDriverContainer:66 - Updating window count to 1
2018-11-23 10:52:03 DEBUG EventHandlingWebDriverContainer:66 - Updating window count to 1
2018-11-23 10:52:12 DEBUG EventHandlingWebDriverContainer:66 - Updating window count to 1
2018-11-23 10:52:12 WARN  ScrollBeforeClickAction:33 - Unable to click using element.click(). Performing a click workaround for Chrome.
2018-11-23 10:54:15 DEBUG GuiceModuleAggregator$Builder:69 - Modules [[[io.magentys.cinnamon.guice.WebDriverModule]]]
2018-11-23 10:54:15 DEBUG GuiceModuleAggregator$Builder:70 - Overrides modules []
2018-11-23 10:54:22 DEBUG EventHandlingWebDriverContainer:66 - Updating window count to 1
2018-11-23 10:54:22 DEBUG EventHandlingWebDriverContainer:66 - Updating window count to 1
2018-11-23 10:54:30 DEBUG EventHandlingWebDriverContainer:66 - Updating window count to 1
2018-11-23 11:11:16 DEBUG GuiceModuleAggregator$Builder:69 - Modules [[[io.magentys.cinnamon.guice.WebDriverModule]]]
2018-11-23 11:11:16 DEBUG GuiceModuleAggregator$Builder:70 - Overrides modules []
2018-11-23 11:11:23 DEBUG EventHandlingWebDriverContainer:66 - Updating window count to 1
2018-11-23 11:11:23 DEBUG EventHandlingWebDriverContainer:66 - Updating window count to 1
2018-11-23 11:11:31 DEBUG EventHandlingWebDriverContainer:66 - Updating window count to 1
2018-11-23 11:11:31 DEBUG EventHandlingWebDriverContainer:66 - Updating window count to 1
2018-11-23 11:13:26 DEBUG GuiceModuleAggregator$Builder:69 - Modules [[[io.magentys.cinnamon.guice.WebDriverModule]]]
2018-11-23 11:13:26 DEBUG GuiceModuleAggregator$Builder:70 - Overrides modules []
2018-11-23 11:13:33 DEBUG EventHandlingWebDriverContainer:66 - Updating window count to 1
2018-11-23 11:13:33 DEBUG EventHandlingWebDriverContainer:66 - Updating window count to 1
2018-11-23 11:13:42 DEBUG EventHandlingWebDriverContainer:66 - Updating window count to 1
2018-11-23 11:13:42 DEBUG EventHandlingWebDriverContainer:66 - Updating window count to 1
2018-11-23 11:17:42 DEBUG GuiceModuleAggregator$Builder:69 - Modules [[[io.magentys.cinnamon.guice.WebDriverModule]]]
2018-11-23 11:17:42 DEBUG GuiceModuleAggregator$Builder:70 - Overrides modules []
2018-11-23 11:17:49 DEBUG EventHandlingWebDriverContainer:66 - Updating window count to 1
2018-11-23 11:17:49 DEBUG EventHandlingWebDriverContainer:66 - Updating window count to 1
2018-11-23 11:17:59 DEBUG EventHandlingWebDriverContainer:66 - Updating window count to 1
2018-11-23 11:17:59 DEBUG EventHandlingWebDriverContainer:66 - Updating window count to 1
2018-11-23 11:18:54 DEBUG GuiceModuleAggregator$Builder:69 - Modules [[[io.magentys.cinnamon.guice.WebDriverModule]]]
2018-11-23 11:18:54 DEBUG GuiceModuleAggregator$Builder:70 - Overrides modules []
2018-11-23 11:19:01 DEBUG EventHandlingWebDriverContainer:66 - Updating window count to 1
2018-11-23 11:19:01 DEBUG EventHandlingWebDriverContainer:66 - Updating window count to 1
2018-11-23 11:19:11 DEBUG EventHandlingWebDriverContainer:66 - Updating window count to 1
2018-11-23 11:19:11 DEBUG EventHandlingWebDriverContainer:66 - Updating window count to 1
2018-11-23 11:22:26 DEBUG GuiceModuleAggregator$Builder:69 - Modules [[[io.magentys.cinnamon.guice.WebDriverModule]]]
2018-11-23 11:22:26 DEBUG GuiceModuleAggregator$Builder:70 - Overrides modules []
2018-11-23 11:22:33 DEBUG EventHandlingWebDriverContainer:66 - Updating window count to 1
2018-11-23 11:22:33 DEBUG EventHandlingWebDriverContainer:66 - Updating window count to 1
2018-11-23 11:22:43 DEBUG EventHandlingWebDriverContainer:66 - Updating window count to 1
2018-11-23 11:22:43 DEBUG EventHandlingWebDriverContainer:66 - Updating window count to 1
2018-11-23 11:40:41 DEBUG GuiceModuleAggregator$Builder:69 - Modules [[[io.magentys.cinnamon.guice.WebDriverModule]]]
2018-11-23 11:40:41 DEBUG GuiceModuleAggregator$Builder:70 - Overrides modules []
2018-11-23 11:40:48 DEBUG EventHandlingWebDriverContainer:66 - Updating window count to 1
2018-11-23 11:40:48 DEBUG EventHandlingWebDriverContainer:66 - Updating window count to 1
2018-11-23 11:40:56 DEBUG EventHandlingWebDriverContainer:66 - Updating window count to 1
2018-11-23 11:40:56 DEBUG EventHandlingWebDriverContainer:66 - Updating window count to 1
2018-11-23 11:43:27 DEBUG GuiceModuleAggregator$Builder:69 - Modules [[[io.magentys.cinnamon.guice.WebDriverModule]]]
2018-11-23 11:43:27 DEBUG GuiceModuleAggregator$Builder:70 - Overrides modules []
2018-11-23 11:43:34 DEBUG EventHandlingWebDriverContainer:66 - Updating window count to 1
2018-11-23 11:43:34 DEBUG EventHandlingWebDriverContainer:66 - Updating window count to 1
2018-11-23 11:43:42 DEBUG EventHandlingWebDriverContainer:66 - Updating window count to 1
2018-11-23 11:43:42 DEBUG EventHandlingWebDriverContainer:66 - Updating window count to 1
2018-11-23 11:43:43 DEBUG EventHandlingWebDriverContainer:66 - Updating window count to 1
2018-11-23 11:43:43 DEBUG EventHandlingWebDriverContainer:66 - Updating window count to 1
2018-11-23 11:45:17 DEBUG GuiceModuleAggregator$Builder:69 - Modules [[[io.magentys.cinnamon.guice.WebDriverModule]]]
2018-11-23 11:45:17 DEBUG GuiceModuleAggregator$Builder:70 - Overrides modules []
2018-11-23 11:45:24 DEBUG EventHandlingWebDriverContainer:66 - Updating window count to 1
2018-11-23 11:45:24 DEBUG EventHandlingWebDriverContainer:66 - Updating window count to 1
2018-11-23 11:45:32 DEBUG EventHandlingWebDriverContainer:66 - Updating window count to 1
2018-11-23 11:45:32 DEBUG EventHandlingWebDriverContainer:66 - Updating window count to 1
2018-11-23 11:45:32 DEBUG EventHandlingWebDriverContainer:66 - Updating window count to 1
2018-11-23 11:45:32 DEBUG EventHandlingWebDriverContainer:66 - Updating window count to 1
2018-11-23 11:55:43 DEBUG GuiceModuleAggregator$Builder:69 - Modules [[[io.magentys.cinnamon.guice.WebDriverModule]]]
2018-11-23 11:55:43 DEBUG GuiceModuleAggregator$Builder:70 - Overrides modules []
2018-11-23 11:56:11 ERROR AttachScreenshot:28 - no such window: target window already closed
from unknown error: web view not found
  (Session info: chrome=70.0.3538.102)
  (Driver info: chromedriver=71.0.3578.33 (269aa0e3f0db08097f0fe231c7e6be200b6939f7),platform=Windows NT 10.0.16299 x86_64) (WARNING: The server did not provide any stacktrace information)
Command duration or timeout: 4 milliseconds
Build info: version: '3.4.0', revision: 'unknown', time: 'unknown'
System info: host: 'LON-10-L-315', ip: '10.0.3.1', os.name: 'Windows 10', os.arch: 'amd64', os.version: '10.0', java.version: '1.8.0_191'
Driver info: org.openqa.selenium.chrome.ChromeDriver
Capabilities [{mobileEmulationEnabled=false, hasTouchScreen=false, platform=XP, acceptSslCerts=false, goog:chromeOptions={debuggerAddress=localhost:57124}, acceptInsecureCerts=false, webStorageEnabled=true, browserName=chrome, takesScreenshot=true, javascriptEnabled=true, setWindowRect=true, unexpectedAlertBehaviour=, applicationCacheEnabled=false, rotatable=false, networkConnectionEnabled=false, chrome={chromedriverVersion=71.0.3578.33 (269aa0e3f0db08097f0fe231c7e6be200b6939f7), userDataDir=C:\Users\NAYAND~1\AppData\Local\Temp\scoped_dir6596_23769}, takesHeapSnapshot=true, pageLoadStrategy=normal, databaseEnabled=false, handlesAlerts=true, version=70.0.3538.102, browserConnectionEnabled=false, nativeEvents=true, locationContextEnabled=true, cssSelectorsEnabled=true}]
Session ID: 1c5103fcb246b2a6e3bce20960817370
org.openqa.selenium.NoSuchWindowException: no such window: target window already closed
from unknown error: web view not found
  (Session info: chrome=70.0.3538.102)
  (Driver info: chromedriver=71.0.3578.33 (269aa0e3f0db08097f0fe231c7e6be200b6939f7),platform=Windows NT 10.0.16299 x86_64) (WARNING: The server did not provide any stacktrace information)
Command duration or timeout: 4 milliseconds
Build info: version: '3.4.0', revision: 'unknown', time: 'unknown'
System info: host: 'LON-10-L-315', ip: '10.0.3.1', os.name: 'Windows 10', os.arch: 'amd64', os.version: '10.0', java.version: '1.8.0_191'
Driver info: org.openqa.selenium.chrome.ChromeDriver
Capabilities [{mobileEmulationEnabled=false, hasTouchScreen=false, platform=XP, acceptSslCerts=false, goog:chromeOptions={debuggerAddress=localhost:57124}, acceptInsecureCerts=false, webStorageEnabled=true, browserName=chrome, takesScreenshot=true, javascriptEnabled=true, setWindowRect=true, unexpectedAlertBehaviour=, applicationCacheEnabled=false, rotatable=false, networkConnectionEnabled=false, chrome={chromedriverVersion=71.0.3578.33 (269aa0e3f0db08097f0fe231c7e6be200b6939f7), userDataDir=C:\Users\NAYAND~1\AppData\Local\Temp\scoped_dir6596_23769}, takesHeapSnapshot=true, pageLoadStrategy=normal, databaseEnabled=false, handlesAlerts=true, version=70.0.3538.102, browserConnectionEnabled=false, nativeEvents=true, locationContextEnabled=true, cssSelectorsEnabled=true}]
Session ID: 1c5103fcb246b2a6e3bce20960817370
	at sun.reflect.GeneratedConstructorAccessor13.newInstance(Unknown Source)
	at sun.reflect.DelegatingConstructorAccessorImpl.newInstance(DelegatingConstructorAccessorImpl.java:45)
	at java.lang.reflect.Constructor.newInstance(Constructor.java:423)
	at org.openqa.selenium.remote.ErrorHandler.createThrowable(ErrorHandler.java:215)
	at org.openqa.selenium.remote.ErrorHandler.throwIfResponseFailed(ErrorHandler.java:167)
	at org.openqa.selenium.remote.RemoteWebDriver.execute(RemoteWebDriver.java:671)
	at org.openqa.selenium.remote.RemoteWebDriver.execute(RemoteWebDriver.java:694)
	at org.openqa.selenium.remote.RemoteWebDriver.getScreenshotAs(RemoteWebDriver.java:382)
	at io.magentys.cinnamon.webdriver.Screenshot.getScreenshotAs(Screenshot.java:39)
	at io.magentys.cinnamon.webdriver.Screenshot.<init>(Screenshot.java:23)
	at io.magentys.cinnamon.webdriver.Screenshot.<init>(Screenshot.java:17)
	at io.magentys.cinnamon.webdriver.EventHandlingWebDriverContainer.takeScreenshot(EventHandlingWebDriverContainer.java:61)
	at io.magentys.cinnamon.webdriver.events.handlers.AttachScreenshot.handleEvent(AttachScreenshot.java:24)
	at sun.reflect.NativeMethodAccessorImpl.invoke0(Native Method)
	at sun.reflect.NativeMethodAccessorImpl.invoke(NativeMethodAccessorImpl.java:62)
	at sun.reflect.DelegatingMethodAccessorImpl.invoke(DelegatingMethodAccessorImpl.java:43)
	at java.lang.reflect.Method.invoke(Method.java:498)
	at com.google.common.eventbus.Subscriber.invokeSubscriberMethod(Subscriber.java:91)
	at com.google.common.eventbus.Subscriber$SynchronizedSubscriber.invokeSubscriberMethod(Subscriber.java:150)
	at com.google.common.eventbus.Subscriber$1.run(Subscriber.java:76)
	at com.google.common.util.concurrent.MoreExecutors$DirectExecutor.execute(MoreExecutors.java:399)
	at com.google.common.eventbus.Subscriber.dispatchEvent(Subscriber.java:71)
	at com.google.common.eventbus.Dispatcher$PerThreadQueuedDispatcher.dispatch(Dispatcher.java:116)
	at com.google.common.eventbus.EventBus.post(EventBus.java:217)
	at io.magentys.cinnamon.cucumber.CucumberAspect.afterAddStepToCounterAndResult(CucumberAspect.java:126)
	at cucumber.runtime.Runtime.addStepToCounterAndResult(Runtime.java:324)
	at cucumber.runtime.Runtime.runStep(Runtime.java:308)
	at cucumber.runtime.model.StepContainer.runStep(StepContainer.java:44)
	at cucumber.runtime.model.StepContainer.runSteps(StepContainer.java:39)
	at cucumber.runtime.model.CucumberScenario.run(CucumberScenario.java:44)
	at cucumber.runtime.junit.ExecutionUnitRunner.run(ExecutionUnitRunner.java:91)
	at cucumber.runtime.junit.FeatureRunner.runChild(FeatureRunner.java:63)
	at cucumber.runtime.junit.FeatureRunner.runChild(FeatureRunner.java:18)
	at org.junit.runners.ParentRunner$3.run(ParentRunner.java:290)
	at org.junit.runners.ParentRunner$1.schedule(ParentRunner.java:71)
	at org.junit.runners.ParentRunner.runChildren(ParentRunner.java:288)
	at org.junit.runners.ParentRunner.access$000(ParentRunner.java:58)
	at org.junit.runners.ParentRunner$2.evaluate(ParentRunner.java:268)
	at org.junit.runners.ParentRunner.run(ParentRunner.java:363)
	at cucumber.runtime.junit.FeatureRunner.run(FeatureRunner.java:70)
	at cucumber.api.junit.Cucumber.runChild(Cucumber.java:93)
	at cucumber.api.junit.Cucumber.runChild(Cucumber.java:37)
	at org.junit.runners.ParentRunner$3.run(ParentRunner.java:290)
	at org.junit.runners.ParentRunner$1.schedule(ParentRunner.java:71)
	at org.junit.runners.ParentRunner.runChildren(ParentRunner.java:288)
	at org.junit.runners.ParentRunner.access$000(ParentRunner.java:58)
	at org.junit.runners.ParentRunner$2.evaluate(ParentRunner.java:268)
	at org.junit.runners.ParentRunner.run(ParentRunner.java:363)
	at cucumber.api.junit.Cucumber.run(Cucumber.java:98)
	at org.apache.maven.surefire.junit4.JUnit4Provider.execute(JUnit4Provider.java:264)
	at org.apache.maven.surefire.junit4.JUnit4Provider.executeTestSet(JUnit4Provider.java:153)
	at org.apache.maven.surefire.junit4.JUnit4Provider.invoke(JUnit4Provider.java:124)
	at org.apache.maven.surefire.booter.ForkedBooter.invokeProviderInSameClassLoader(ForkedBooter.java:200)
	at org.apache.maven.surefire.booter.ForkedBooter.runSuitesInProcess(ForkedBooter.java:153)
	at org.apache.maven.surefire.booter.ForkedBooter.main(ForkedBooter.java:103)
2018-11-23 12:00:09 DEBUG GuiceModuleAggregator$Builder:69 - Modules [[[io.magentys.cinnamon.guice.WebDriverModule]]]
2018-11-23 12:00:09 DEBUG GuiceModuleAggregator$Builder:70 - Overrides modules []
2018-11-23 12:00:16 DEBUG EventHandlingWebDriverContainer:66 - Updating window count to 1
2018-11-23 12:00:16 DEBUG EventHandlingWebDriverContainer:66 - Updating window count to 1
2018-11-23 12:00:24 DEBUG EventHandlingWebDriverContainer:66 - Updating window count to 1
2018-11-23 12:00:24 DEBUG EventHandlingWebDriverContainer:66 - Updating window count to 1
2018-11-23 12:00:24 DEBUG EventHandlingWebDriverContainer:66 - Updating window count to 1
2018-11-23 12:00:24 DEBUG EventHandlingWebDriverContainer:66 - Updating window count to 1
2018-11-23 12:01:30 DEBUG GuiceModuleAggregator$Builder:69 - Modules [[[io.magentys.cinnamon.guice.WebDriverModule]]]
2018-11-23 12:01:30 DEBUG GuiceModuleAggregator$Builder:70 - Overrides modules []
2018-11-23 12:01:39 DEBUG EventHandlingWebDriverContainer:66 - Updating window count to 1
2018-11-23 12:01:39 DEBUG EventHandlingWebDriverContainer:66 - Updating window count to 1
2018-11-23 12:01:48 DEBUG EventHandlingWebDriverContainer:66 - Updating window count to 1
2018-11-23 12:01:48 DEBUG EventHandlingWebDriverContainer:66 - Updating window count to 1
2018-11-23 12:01:48 DEBUG EventHandlingWebDriverContainer:66 - Updating window count to 1
2018-11-23 12:01:48 DEBUG EventHandlingWebDriverContainer:66 - Updating window count to 1
2018-11-23 12:10:26 DEBUG GuiceModuleAggregator$Builder:69 - Modules [[[io.magentys.cinnamon.guice.WebDriverModule]]]
2018-11-23 12:10:26 DEBUG GuiceModuleAggregator$Builder:70 - Overrides modules []
2018-11-23 12:10:34 DEBUG EventHandlingWebDriverContainer:66 - Updating window count to 1
2018-11-23 12:10:34 DEBUG EventHandlingWebDriverContainer:66 - Updating window count to 1
2018-11-23 12:10:44 DEBUG EventHandlingWebDriverContainer:66 - Updating window count to 1
2018-11-23 12:10:44 DEBUG EventHandlingWebDriverContainer:66 - Updating window count to 1
2018-11-23 12:10:44 DEBUG EventHandlingWebDriverContainer:66 - Updating window count to 1
2018-11-23 12:10:44 DEBUG EventHandlingWebDriverContainer:66 - Updating window count to 1
2018-11-23 12:12:30 DEBUG GuiceModuleAggregator$Builder:69 - Modules [[[io.magentys.cinnamon.guice.WebDriverModule]]]
2018-11-23 12:12:30 DEBUG GuiceModuleAggregator$Builder:70 - Overrides modules []
2018-11-23 12:12:38 DEBUG EventHandlingWebDriverContainer:66 - Updating window count to 1
2018-11-23 12:12:38 DEBUG EventHandlingWebDriverContainer:66 - Updating window count to 1
2018-11-23 12:12:47 DEBUG EventHandlingWebDriverContainer:66 - Updating window count to 1
2018-11-23 12:12:47 DEBUG EventHandlingWebDriverContainer:66 - Updating window count to 1
2018-11-23 12:12:48 DEBUG EventHandlingWebDriverContainer:66 - Updating window count to 1
2018-11-23 12:12:48 DEBUG EventHandlingWebDriverContainer:66 - Updating window count to 1
2018-11-23 12:17:52 DEBUG GuiceModuleAggregator$Builder:69 - Modules [[[io.magentys.cinnamon.guice.WebDriverModule]]]
2018-11-23 12:17:52 DEBUG GuiceModuleAggregator$Builder:70 - Overrides modules []
2018-11-23 12:18:01 DEBUG EventHandlingWebDriverContainer:66 - Updating window count to 1
2018-11-23 12:18:01 DEBUG EventHandlingWebDriverContainer:66 - Updating window count to 1
2018-11-23 12:18:11 DEBUG EventHandlingWebDriverContainer:66 - Updating window count to 1
2018-11-23 12:18:11 DEBUG EventHandlingWebDriverContainer:66 - Updating window count to 1
2018-11-23 12:18:11 DEBUG EventHandlingWebDriverContainer:66 - Updating window count to 1
2018-11-23 12:18:11 DEBUG EventHandlingWebDriverContainer:66 - Updating window count to 1
2018-11-23 12:19:08 DEBUG GuiceModuleAggregator$Builder:69 - Modules [[[io.magentys.cinnamon.guice.WebDriverModule]]]
2018-11-23 12:19:08 DEBUG GuiceModuleAggregator$Builder:70 - Overrides modules []
2018-11-23 12:19:17 DEBUG EventHandlingWebDriverContainer:66 - Updating window count to 1
2018-11-23 12:19:17 DEBUG EventHandlingWebDriverContainer:66 - Updating window count to 1
2018-11-23 12:19:27 DEBUG EventHandlingWebDriverContainer:66 - Updating window count to 1
2018-11-23 12:19:27 DEBUG EventHandlingWebDriverContainer:66 - Updating window count to 1
2018-11-23 12:19:27 DEBUG EventHandlingWebDriverContainer:66 - Updating window count to 1
2018-11-23 12:19:27 DEBUG EventHandlingWebDriverContainer:66 - Updating window count to 1
2018-11-23 12:22:00 DEBUG GuiceModuleAggregator$Builder:69 - Modules [[[io.magentys.cinnamon.guice.WebDriverModule]]]
2018-11-23 12:22:00 DEBUG GuiceModuleAggregator$Builder:70 - Overrides modules []
2018-11-23 12:22:10 DEBUG EventHandlingWebDriverContainer:66 - Updating window count to 1
2018-11-23 12:22:10 DEBUG EventHandlingWebDriverContainer:66 - Updating window count to 1
2018-11-23 12:22:20 DEBUG EventHandlingWebDriverContainer:66 - Updating window count to 1
2018-11-23 12:22:20 DEBUG EventHandlingWebDriverContainer:66 - Updating window count to 1
2018-11-23 12:22:20 DEBUG EventHandlingWebDriverContainer:66 - Updating window count to 1
2018-11-23 12:22:20 DEBUG EventHandlingWebDriverContainer:66 - Updating window count to 1
2018-11-23 12:32:13 DEBUG GuiceModuleAggregator$Builder:69 - Modules [[[io.magentys.cinnamon.guice.WebDriverModule]]]
2018-11-23 12:32:13 DEBUG GuiceModuleAggregator$Builder:70 - Overrides modules []
2018-11-23 12:32:21 DEBUG EventHandlingWebDriverContainer:66 - Updating window count to 1
2018-11-23 12:32:21 DEBUG EventHandlingWebDriverContainer:66 - Updating window count to 1
2018-11-23 12:32:31 DEBUG EventHandlingWebDriverContainer:66 - Updating window count to 1
2018-11-23 12:32:31 DEBUG EventHandlingWebDriverContainer:66 - Updating window count to 1
2018-11-23 12:32:31 DEBUG EventHandlingWebDriverContainer:66 - Updating window count to 1
2018-11-23 12:32:31 DEBUG EventHandlingWebDriverContainer:66 - Updating window count to 1
2018-11-23 12:35:32 DEBUG GuiceModuleAggregator$Builder:69 - Modules [[[io.magentys.cinnamon.guice.WebDriverModule]]]
2018-11-23 12:35:32 DEBUG GuiceModuleAggregator$Builder:70 - Overrides modules []
2018-11-23 12:35:41 DEBUG EventHandlingWebDriverContainer:66 - Updating window count to 1
2018-11-23 12:35:41 DEBUG EventHandlingWebDriverContainer:66 - Updating window count to 1
2018-11-23 12:35:50 DEBUG EventHandlingWebDriverContainer:66 - Updating window count to 1
2018-11-23 12:35:50 DEBUG EventHandlingWebDriverContainer:66 - Updating window count to 1
2018-11-23 12:35:50 DEBUG EventHandlingWebDriverContainer:66 - Updating window count to 1
2018-11-23 12:35:50 DEBUG EventHandlingWebDriverContainer:66 - Updating window count to 1
2018-11-23 12:36:33 DEBUG GuiceModuleAggregator$Builder:69 - Modules [[[io.magentys.cinnamon.guice.WebDriverModule]]]
2018-11-23 12:36:33 DEBUG GuiceModuleAggregator$Builder:70 - Overrides modules []
2018-11-23 12:36:41 DEBUG EventHandlingWebDriverContainer:66 - Updating window count to 1
2018-11-23 12:36:41 DEBUG EventHandlingWebDriverContainer:66 - Updating window count to 1
2018-11-23 12:36:51 DEBUG EventHandlingWebDriverContainer:66 - Updating window count to 1
2018-11-23 12:36:51 DEBUG EventHandlingWebDriverContainer:66 - Updating window count to 1
2018-11-23 12:36:51 DEBUG EventHandlingWebDriverContainer:66 - Updating window count to 1
2018-11-23 12:36:51 DEBUG EventHandlingWebDriverContainer:66 - Updating window count to 1
2018-11-23 12:46:35 DEBUG GuiceModuleAggregator$Builder:69 - Modules [[[io.magentys.cinnamon.guice.WebDriverModule]]]
2018-11-23 12:46:35 DEBUG GuiceModuleAggregator$Builder:70 - Overrides modules []
2018-11-23 12:46:42 DEBUG EventHandlingWebDriverContainer:66 - Updating window count to 1
2018-11-23 12:46:42 DEBUG EventHandlingWebDriverContainer:66 - Updating window count to 1
2018-11-23 12:46:51 DEBUG EventHandlingWebDriverContainer:66 - Updating window count to 1
2018-11-23 12:46:51 DEBUG EventHandlingWebDriverContainer:66 - Updating window count to 1
2018-11-23 12:46:51 DEBUG EventHandlingWebDriverContainer:66 - Updating window count to 1
2018-11-23 12:46:51 DEBUG EventHandlingWebDriverContainer:66 - Updating window count to 1
2018-11-23 14:12:37 DEBUG GuiceModuleAggregator$Builder:69 - Modules [[[io.magentys.cinnamon.guice.WebDriverModule]]]
2018-11-23 14:12:37 DEBUG GuiceModuleAggregator$Builder:70 - Overrides modules []
2018-11-23 14:12:44 DEBUG EventHandlingWebDriverContainer:66 - Updating window count to 1
2018-11-23 14:12:44 DEBUG EventHandlingWebDriverContainer:66 - Updating window count to 1
2018-11-23 14:12:53 DEBUG EventHandlingWebDriverContainer:66 - Updating window count to 1
2018-11-23 14:12:53 DEBUG EventHandlingWebDriverContainer:66 - Updating window count to 1
2018-11-23 14:12:53 DEBUG EventHandlingWebDriverContainer:66 - Updating window count to 1
2018-11-23 14:12:53 DEBUG EventHandlingWebDriverContainer:66 - Updating window count to 1
2018-11-23 14:15:37 DEBUG GuiceModuleAggregator$Builder:69 - Modules [[[io.magentys.cinnamon.guice.WebDriverModule]]]
2018-11-23 14:15:37 DEBUG GuiceModuleAggregator$Builder:70 - Overrides modules []
2018-11-23 14:15:44 DEBUG EventHandlingWebDriverContainer:66 - Updating window count to 1
2018-11-23 14:15:44 DEBUG EventHandlingWebDriverContainer:66 - Updating window count to 1
2018-11-23 14:15:53 DEBUG EventHandlingWebDriverContainer:66 - Updating window count to 1
2018-11-23 14:15:53 DEBUG EventHandlingWebDriverContainer:66 - Updating window count to 1
2018-11-23 14:15:53 DEBUG EventHandlingWebDriverContainer:66 - Updating window count to 1
2018-11-23 14:15:53 DEBUG EventHandlingWebDriverContainer:66 - Updating window count to 1
2018-11-23 14:17:56 DEBUG GuiceModuleAggregator$Builder:69 - Modules [[[io.magentys.cinnamon.guice.WebDriverModule]]]
2018-11-23 14:17:56 DEBUG GuiceModuleAggregator$Builder:70 - Overrides modules []
2018-11-23 14:18:03 DEBUG EventHandlingWebDriverContainer:66 - Updating window count to 1
2018-11-23 14:18:03 DEBUG EventHandlingWebDriverContainer:66 - Updating window count to 1
2018-11-23 14:18:13 DEBUG EventHandlingWebDriverContainer:66 - Updating window count to 1
2018-11-23 14:18:13 DEBUG EventHandlingWebDriverContainer:66 - Updating window count to 1
2018-11-23 14:18:13 DEBUG EventHandlingWebDriverContainer:66 - Updating window count to 1
2018-11-23 14:18:13 DEBUG EventHandlingWebDriverContainer:66 - Updating window count to 1
2018-11-23 14:22:52 DEBUG GuiceModuleAggregator$Builder:69 - Modules [[[io.magentys.cinnamon.guice.WebDriverModule]]]
2018-11-23 14:22:52 DEBUG GuiceModuleAggregator$Builder:70 - Overrides modules []
2018-11-23 14:22:59 DEBUG EventHandlingWebDriverContainer:66 - Updating window count to 1
2018-11-23 14:22:59 DEBUG EventHandlingWebDriverContainer:66 - Updating window count to 1
2018-11-23 14:23:07 DEBUG EventHandlingWebDriverContainer:66 - Updating window count to 1
2018-11-23 14:23:07 DEBUG EventHandlingWebDriverContainer:66 - Updating window count to 1
2018-11-23 14:23:07 DEBUG EventHandlingWebDriverContainer:66 - Updating window count to 1
2018-11-23 14:23:07 DEBUG EventHandlingWebDriverContainer:66 - Updating window count to 1
2018-11-23 14:23:46 DEBUG GuiceModuleAggregator$Builder:69 - Modules [[[io.magentys.cinnamon.guice.WebDriverModule]]]
2018-11-23 14:23:46 DEBUG GuiceModuleAggregator$Builder:70 - Overrides modules []
2018-11-23 14:23:53 DEBUG EventHandlingWebDriverContainer:66 - Updating window count to 1
2018-11-23 14:23:53 DEBUG EventHandlingWebDriverContainer:66 - Updating window count to 1
2018-11-23 14:24:01 DEBUG EventHandlingWebDriverContainer:66 - Updating window count to 1
2018-11-23 14:24:01 DEBUG EventHandlingWebDriverContainer:66 - Updating window count to 1
2018-11-23 14:24:02 DEBUG EventHandlingWebDriverContainer:66 - Updating window count to 1
2018-11-23 14:24:02 DEBUG EventHandlingWebDriverContainer:66 - Updating window count to 1
2018-11-23 14:25:21 DEBUG GuiceModuleAggregator$Builder:69 - Modules [[[io.magentys.cinnamon.guice.WebDriverModule]]]
2018-11-23 14:25:21 DEBUG GuiceModuleAggregator$Builder:70 - Overrides modules []
2018-11-23 14:25:28 DEBUG EventHandlingWebDriverContainer:66 - Updating window count to 1
2018-11-23 14:25:28 DEBUG EventHandlingWebDriverContainer:66 - Updating window count to 1
2018-11-23 14:25:37 DEBUG EventHandlingWebDriverContainer:66 - Updating window count to 1
2018-11-23 14:25:37 DEBUG EventHandlingWebDriverContainer:66 - Updating window count to 1
2018-11-23 14:25:37 DEBUG EventHandlingWebDriverContainer:66 - Updating window count to 1
2018-11-23 14:25:37 DEBUG EventHandlingWebDriverContainer:66 - Updating window count to 1
2018-11-23 14:32:13 DEBUG GuiceModuleAggregator$Builder:69 - Modules [[[io.magentys.cinnamon.guice.WebDriverModule]]]
2018-11-23 14:32:13 DEBUG GuiceModuleAggregator$Builder:70 - Overrides modules []
2018-11-23 14:32:21 DEBUG EventHandlingWebDriverContainer:66 - Updating window count to 1
2018-11-23 14:32:21 DEBUG EventHandlingWebDriverContainer:66 - Updating window count to 1
2018-11-23 14:32:29 DEBUG EventHandlingWebDriverContainer:66 - Updating window count to 1
2018-11-23 14:32:29 DEBUG EventHandlingWebDriverContainer:66 - Updating window count to 1
2018-11-23 14:32:30 DEBUG EventHandlingWebDriverContainer:66 - Updating window count to 1
2018-11-23 14:32:30 DEBUG EventHandlingWebDriverContainer:66 - Updating window count to 1
2018-11-23 14:33:43 DEBUG GuiceModuleAggregator$Builder:69 - Modules [[[io.magentys.cinnamon.guice.WebDriverModule]]]
2018-11-23 14:33:43 DEBUG GuiceModuleAggregator$Builder:70 - Overrides modules []
2018-11-23 14:33:50 DEBUG EventHandlingWebDriverContainer:66 - Updating window count to 1
2018-11-23 14:33:50 DEBUG EventHandlingWebDriverContainer:66 - Updating window count to 1
2018-11-23 14:33:59 DEBUG EventHandlingWebDriverContainer:66 - Updating window count to 1
2018-11-23 14:33:59 DEBUG EventHandlingWebDriverContainer:66 - Updating window count to 1
2018-11-23 14:33:59 DEBUG EventHandlingWebDriverContainer:66 - Updating window count to 1
2018-11-23 14:33:59 DEBUG EventHandlingWebDriverContainer:66 - Updating window count to 1
2018-11-23 14:35:01 DEBUG GuiceModuleAggregator$Builder:69 - Modules [[[io.magentys.cinnamon.guice.WebDriverModule]]]
2018-11-23 14:35:01 DEBUG GuiceModuleAggregator$Builder:70 - Overrides modules []
2018-11-23 14:35:08 DEBUG EventHandlingWebDriverContainer:66 - Updating window count to 1
2018-11-23 14:35:08 DEBUG EventHandlingWebDriverContainer:66 - Updating window count to 1
2018-11-23 14:35:16 DEBUG EventHandlingWebDriverContainer:66 - Updating window count to 1
2018-11-23 14:35:16 DEBUG EventHandlingWebDriverContainer:66 - Updating window count to 1
2018-11-23 14:35:16 DEBUG EventHandlingWebDriverContainer:66 - Updating window count to 1
2018-11-23 14:35:16 DEBUG EventHandlingWebDriverContainer:66 - Updating window count to 1
2018-11-23 14:36:31 DEBUG GuiceModuleAggregator$Builder:69 - Modules [[[io.magentys.cinnamon.guice.WebDriverModule]]]
2018-11-23 14:36:31 DEBUG GuiceModuleAggregator$Builder:70 - Overrides modules []
2018-11-23 14:36:38 DEBUG EventHandlingWebDriverContainer:66 - Updating window count to 1
2018-11-23 14:36:38 DEBUG EventHandlingWebDriverContainer:66 - Updating window count to 1
2018-11-23 14:36:47 DEBUG EventHandlingWebDriverContainer:66 - Updating window count to 1
2018-11-23 14:36:47 DEBUG EventHandlingWebDriverContainer:66 - Updating window count to 1
2018-11-23 14:36:47 DEBUG EventHandlingWebDriverContainer:66 - Updating window count to 1
2018-11-23 14:36:47 DEBUG EventHandlingWebDriverContainer:66 - Updating window count to 1
2018-11-23 14:37:44 DEBUG GuiceModuleAggregator$Builder:69 - Modules [[[io.magentys.cinnamon.guice.WebDriverModule]]]
2018-11-23 14:37:44 DEBUG GuiceModuleAggregator$Builder:70 - Overrides modules []
2018-11-23 14:37:51 DEBUG EventHandlingWebDriverContainer:66 - Updating window count to 1
2018-11-23 14:37:51 DEBUG EventHandlingWebDriverContainer:66 - Updating window count to 1
2018-11-23 14:38:00 DEBUG EventHandlingWebDriverContainer:66 - Updating window count to 1
2018-11-23 14:38:00 DEBUG EventHandlingWebDriverContainer:66 - Updating window count to 1
2018-11-23 14:38:00 DEBUG EventHandlingWebDriverContainer:66 - Updating window count to 1
2018-11-23 14:38:00 DEBUG EventHandlingWebDriverContainer:66 - Updating window count to 1
2018-11-23 14:38:57 DEBUG GuiceModuleAggregator$Builder:69 - Modules [[[io.magentys.cinnamon.guice.WebDriverModule]]]
2018-11-23 14:38:57 DEBUG GuiceModuleAggregator$Builder:70 - Overrides modules []
2018-11-23 14:39:04 DEBUG EventHandlingWebDriverContainer:66 - Updating window count to 1
2018-11-23 14:39:04 DEBUG EventHandlingWebDriverContainer:66 - Updating window count to 1
2018-11-23 14:39:13 DEBUG EventHandlingWebDriverContainer:66 - Updating window count to 1
2018-11-23 14:39:13 DEBUG EventHandlingWebDriverContainer:66 - Updating window count to 1
2018-11-23 14:39:13 DEBUG EventHandlingWebDriverContainer:66 - Updating window count to 1
2018-11-23 14:39:13 DEBUG EventHandlingWebDriverContainer:66 - Updating window count to 1
2018-11-23 14:39:36 DEBUG GuiceModuleAggregator$Builder:69 - Modules [[[io.magentys.cinnamon.guice.WebDriverModule]]]
2018-11-23 14:39:36 DEBUG GuiceModuleAggregator$Builder:70 - Overrides modules []
2018-11-23 14:39:43 DEBUG EventHandlingWebDriverContainer:66 - Updating window count to 1
2018-11-23 14:39:43 DEBUG EventHandlingWebDriverContainer:66 - Updating window count to 1
2018-11-23 14:39:51 DEBUG EventHandlingWebDriverContainer:66 - Updating window count to 1
2018-11-23 14:39:51 DEBUG EventHandlingWebDriverContainer:66 - Updating window count to 1
2018-11-23 14:39:51 DEBUG EventHandlingWebDriverContainer:66 - Updating window count to 1
2018-11-23 14:39:51 DEBUG EventHandlingWebDriverContainer:66 - Updating window count to 1
2018-11-23 14:41:05 DEBUG GuiceModuleAggregator$Builder:69 - Modules [[[io.magentys.cinnamon.guice.WebDriverModule]]]
2018-11-23 14:41:05 DEBUG GuiceModuleAggregator$Builder:70 - Overrides modules []
2018-11-23 14:41:12 DEBUG EventHandlingWebDriverContainer:66 - Updating window count to 1
2018-11-23 14:41:12 DEBUG EventHandlingWebDriverContainer:66 - Updating window count to 1
2018-11-23 14:41:21 DEBUG EventHandlingWebDriverContainer:66 - Updating window count to 1
2018-11-23 14:41:21 DEBUG EventHandlingWebDriverContainer:66 - Updating window count to 1
2018-11-23 14:41:21 DEBUG EventHandlingWebDriverContainer:66 - Updating window count to 1
2018-11-23 14:41:21 DEBUG EventHandlingWebDriverContainer:66 - Updating window count to 1
2018-11-23 14:47:58 DEBUG GuiceModuleAggregator$Builder:69 - Modules [[[io.magentys.cinnamon.guice.WebDriverModule]]]
2018-11-23 14:47:58 DEBUG GuiceModuleAggregator$Builder:70 - Overrides modules []
2018-11-23 14:48:05 DEBUG EventHandlingWebDriverContainer:66 - Updating window count to 1
2018-11-23 14:48:05 DEBUG EventHandlingWebDriverContainer:66 - Updating window count to 1
2018-11-23 14:48:13 DEBUG EventHandlingWebDriverContainer:66 - Updating window count to 1
2018-11-23 14:48:13 DEBUG EventHandlingWebDriverContainer:66 - Updating window count to 1
2018-11-23 14:48:14 DEBUG EventHandlingWebDriverContainer:66 - Updating window count to 1
2018-11-23 14:48:14 DEBUG EventHandlingWebDriverContainer:66 - Updating window count to 1
2018-11-23 14:48:14 DEBUG EventHandlingWebDriverContainer:66 - Updating window count to 1
2018-11-23 14:48:14 DEBUG EventHandlingWebDriverContainer:66 - Updating window count to 1
2018-11-23 14:52:09 DEBUG GuiceModuleAggregator$Builder:69 - Modules [[[io.magentys.cinnamon.guice.WebDriverModule]]]
2018-11-23 14:52:09 DEBUG GuiceModuleAggregator$Builder:70 - Overrides modules []
2018-11-23 14:52:16 DEBUG EventHandlingWebDriverContainer:66 - Updating window count to 1
2018-11-23 14:52:16 DEBUG EventHandlingWebDriverContainer:66 - Updating window count to 1
2018-11-23 14:52:24 DEBUG EventHandlingWebDriverContainer:66 - Updating window count to 1
2018-11-23 14:52:24 DEBUG EventHandlingWebDriverContainer:66 - Updating window count to 1
2018-11-23 14:52:24 DEBUG EventHandlingWebDriverContainer:66 - Updating window count to 1
2018-11-23 14:52:24 DEBUG EventHandlingWebDriverContainer:66 - Updating window count to 1
2018-11-23 14:55:14 DEBUG GuiceModuleAggregator$Builder:69 - Modules [[[io.magentys.cinnamon.guice.WebDriverModule]]]
2018-11-23 14:55:14 DEBUG GuiceModuleAggregator$Builder:70 - Overrides modules []
2018-11-23 14:55:21 DEBUG EventHandlingWebDriverContainer:66 - Updating window count to 1
2018-11-23 14:55:21 DEBUG EventHandlingWebDriverContainer:66 - Updating window count to 1
2018-11-23 14:55:29 DEBUG EventHandlingWebDriverContainer:66 - Updating window count to 1
2018-11-23 14:55:29 DEBUG EventHandlingWebDriverContainer:66 - Updating window count to 1
2018-11-23 14:55:29 DEBUG EventHandlingWebDriverContainer:66 - Updating window count to 1
2018-11-23 14:55:29 DEBUG EventHandlingWebDriverContainer:66 - Updating window count to 1
2018-11-23 15:13:46 DEBUG GuiceModuleAggregator$Builder:69 - Modules [[[io.magentys.cinnamon.guice.WebDriverModule]]]
2018-11-23 15:13:46 DEBUG GuiceModuleAggregator$Builder:70 - Overrides modules []
2018-11-23 15:13:53 DEBUG EventHandlingWebDriverContainer:66 - Updating window count to 1
2018-11-23 15:13:53 DEBUG EventHandlingWebDriverContainer:66 - Updating window count to 1
2018-11-23 15:14:01 DEBUG EventHandlingWebDriverContainer:66 - Updating window count to 1
2018-11-23 15:14:01 DEBUG EventHandlingWebDriverContainer:66 - Updating window count to 1
2018-11-23 15:14:01 DEBUG EventHandlingWebDriverContainer:66 - Updating window count to 1
2018-11-23 15:14:01 DEBUG EventHandlingWebDriverContainer:66 - Updating window count to 1
2018-11-23 15:17:17 DEBUG GuiceModuleAggregator$Builder:69 - Modules [[[io.magentys.cinnamon.guice.WebDriverModule]]]
2018-11-23 15:17:17 DEBUG GuiceModuleAggregator$Builder:70 - Overrides modules []
2018-11-23 15:17:25 DEBUG EventHandlingWebDriverContainer:66 - Updating window count to 1
2018-11-23 15:17:25 DEBUG EventHandlingWebDriverContainer:66 - Updating window count to 1
2018-11-23 15:17:33 DEBUG EventHandlingWebDriverContainer:66 - Updating window count to 1
2018-11-23 15:17:33 DEBUG EventHandlingWebDriverContainer:66 - Updating window count to 1
2018-11-23 15:17:33 DEBUG EventHandlingWebDriverContainer:66 - Updating window count to 1
2018-11-23 15:17:33 DEBUG EventHandlingWebDriverContainer:66 - Updating window count to 1
2018-11-23 15:18:50 DEBUG GuiceModuleAggregator$Builder:69 - Modules [[[io.magentys.cinnamon.guice.WebDriverModule]]]
2018-11-23 15:18:50 DEBUG GuiceModuleAggregator$Builder:70 - Overrides modules []
2018-11-23 15:18:57 DEBUG EventHandlingWebDriverContainer:66 - Updating window count to 1
2018-11-23 15:18:57 DEBUG EventHandlingWebDriverContainer:66 - Updating window count to 1
2018-11-23 15:19:06 DEBUG EventHandlingWebDriverContainer:66 - Updating window count to 1
2018-11-23 15:19:06 DEBUG EventHandlingWebDriverContainer:66 - Updating window count to 1
2018-11-23 15:19:06 DEBUG EventHandlingWebDriverContainer:66 - Updating window count to 1
2018-11-23 15:19:06 DEBUG EventHandlingWebDriverContainer:66 - Updating window count to 1
2018-11-23 15:28:59 DEBUG GuiceModuleAggregator$Builder:69 - Modules [[[io.magentys.cinnamon.guice.WebDriverModule]]]
2018-11-23 15:28:59 DEBUG GuiceModuleAggregator$Builder:70 - Overrides modules []
2018-11-23 15:29:07 DEBUG EventHandlingWebDriverContainer:66 - Updating window count to 1
2018-11-23 15:29:07 DEBUG EventHandlingWebDriverContainer:66 - Updating window count to 1
2018-11-23 15:29:15 DEBUG EventHandlingWebDriverContainer:66 - Updating window count to 1
2018-11-23 15:29:15 DEBUG EventHandlingWebDriverContainer:66 - Updating window count to 1
2018-11-23 15:29:15 DEBUG EventHandlingWebDriverContainer:66 - Updating window count to 1
2018-11-23 15:29:15 DEBUG EventHandlingWebDriverContainer:66 - Updating window count to 1
2018-11-23 15:30:15 DEBUG GuiceModuleAggregator$Builder:69 - Modules [[[io.magentys.cinnamon.guice.WebDriverModule]]]
2018-11-23 15:30:15 DEBUG GuiceModuleAggregator$Builder:70 - Overrides modules []
2018-11-23 15:30:23 DEBUG EventHandlingWebDriverContainer:66 - Updating window count to 1
2018-11-23 15:30:23 DEBUG EventHandlingWebDriverContainer:66 - Updating window count to 1
2018-11-23 15:30:31 DEBUG EventHandlingWebDriverContainer:66 - Updating window count to 1
2018-11-23 15:30:31 DEBUG EventHandlingWebDriverContainer:66 - Updating window count to 1
2018-11-23 15:30:31 DEBUG EventHandlingWebDriverContainer:66 - Updating window count to 1
2018-11-23 15:30:31 DEBUG EventHandlingWebDriverContainer:66 - Updating window count to 1
2018-11-23 15:32:19 DEBUG GuiceModuleAggregator$Builder:69 - Modules [[[io.magentys.cinnamon.guice.WebDriverModule]]]
2018-11-23 15:32:19 DEBUG GuiceModuleAggregator$Builder:70 - Overrides modules []
2018-11-23 15:32:26 DEBUG EventHandlingWebDriverContainer:66 - Updating window count to 1
2018-11-23 15:32:26 DEBUG EventHandlingWebDriverContainer:66 - Updating window count to 1
2018-11-23 15:32:35 DEBUG EventHandlingWebDriverContainer:66 - Updating window count to 1
2018-11-23 15:32:35 DEBUG EventHandlingWebDriverContainer:66 - Updating window count to 1
2018-11-23 15:32:35 DEBUG EventHandlingWebDriverContainer:66 - Updating window count to 1
2018-11-23 15:32:35 DEBUG EventHandlingWebDriverContainer:66 - Updating window count to 1
2018-11-23 15:32:35 DEBUG EventHandlingWebDriverContainer:66 - Updating window count to 1
2018-11-23 15:32:35 DEBUG EventHandlingWebDriverContainer:66 - Updating window count to 1
2018-11-23 15:41:09 DEBUG GuiceModuleAggregator$Builder:69 - Modules [[[io.magentys.cinnamon.guice.WebDriverModule]]]
2018-11-23 15:41:09 DEBUG GuiceModuleAggregator$Builder:70 - Overrides modules []
2018-11-23 15:41:16 DEBUG EventHandlingWebDriverContainer:66 - Updating window count to 1
2018-11-23 15:41:16 DEBUG EventHandlingWebDriverContainer:66 - Updating window count to 1
2018-11-23 15:41:25 DEBUG EventHandlingWebDriverContainer:66 - Updating window count to 1
2018-11-23 15:41:25 DEBUG EventHandlingWebDriverContainer:66 - Updating window count to 1
2018-11-23 15:41:25 DEBUG EventHandlingWebDriverContainer:66 - Updating window count to 1
2018-11-23 15:41:25 DEBUG EventHandlingWebDriverContainer:66 - Updating window count to 1
2018-11-23 15:44:52 DEBUG GuiceModuleAggregator$Builder:69 - Modules [[[io.magentys.cinnamon.guice.WebDriverModule]]]
2018-11-23 15:44:52 DEBUG GuiceModuleAggregator$Builder:70 - Overrides modules []
2018-11-23 15:44:59 DEBUG EventHandlingWebDriverContainer:66 - Updating window count to 1
2018-11-23 15:44:59 DEBUG EventHandlingWebDriverContainer:66 - Updating window count to 1
2018-11-23 15:45:09 DEBUG EventHandlingWebDriverContainer:66 - Updating window count to 1
2018-11-23 15:45:09 DEBUG EventHandlingWebDriverContainer:66 - Updating window count to 1
2018-11-23 15:45:09 DEBUG EventHandlingWebDriverContainer:66 - Updating window count to 1
2018-11-23 15:45:09 DEBUG EventHandlingWebDriverContainer:66 - Updating window count to 1
2018-11-23 15:49:04 DEBUG GuiceModuleAggregator$Builder:69 - Modules [[[io.magentys.cinnamon.guice.WebDriverModule]]]
2018-11-23 15:49:04 DEBUG GuiceModuleAggregator$Builder:70 - Overrides modules []
2018-11-23 15:49:11 DEBUG EventHandlingWebDriverContainer:66 - Updating window count to 1
2018-11-23 15:49:11 DEBUG EventHandlingWebDriverContainer:66 - Updating window count to 1
2018-11-23 15:49:21 DEBUG EventHandlingWebDriverContainer:66 - Updating window count to 1
2018-11-23 15:49:21 DEBUG EventHandlingWebDriverContainer:66 - Updating window count to 1
2018-11-23 15:49:21 DEBUG EventHandlingWebDriverContainer:66 - Updating window count to 1
2018-11-23 15:49:21 DEBUG EventHandlingWebDriverContainer:66 - Updating window count to 1
